05-Sep-2022 22:43:44.715 INFO [main] org.apache.catalina.startup.VersionLoggerListener.log Server version name:   Apache Tomcat/8.5.82
05-Sep-2022 22:43:44.719 INFO [main] org.apache.catalina.startup.VersionLoggerListener.log Server built:          Aug 8 2022 21:26:07 UTC
05-Sep-2022 22:43:44.724 INFO [main] org.apache.catalina.startup.VersionLoggerListener.log Server version number: 8.5.82.0
05-Sep-2022 22:43:44.725 INFO [main] org.apache.catalina.startup.VersionLoggerListener.log OS Name:               Windows 10
05-Sep-2022 22:43:44.725 INFO [main] org.apache.catalina.startup.VersionLoggerListener.log OS Version:            10.0
05-Sep-2022 22:43:44.725 INFO [main] org.apache.catalina.startup.VersionLoggerListener.log Architecture:          amd64
05-Sep-2022 22:43:44.725 INFO [main] org.apache.catalina.startup.VersionLoggerListener.log Java Home:             C:\Program Files\Java\jdk1.8.0_321\jre
05-Sep-2022 22:43:44.725 INFO [main] org.apache.catalina.startup.VersionLoggerListener.log JVM Version:           1.8.0_321-b07
05-Sep-2022 22:43:44.725 INFO [main] org.apache.catalina.startup.VersionLoggerListener.log JVM Vendor:            Oracle Corporation
05-Sep-2022 22:43:44.725 INFO [main] org.apache.catalina.startup.VersionLoggerListener.log CATALINA_BASE:         C:\Users\win\Desktop\Tool\apache-tomcat-8.5.82
05-Sep-2022 22:43:44.725 INFO [main] org.apache.catalina.startup.VersionLoggerListener.log CATALINA_HOME:         C:\Users\win\Desktop\Tool\apache-tomcat-8.5.82
05-Sep-2022 22:43:44.725 INFO [main] org.apache.catalina.startup.VersionLoggerListener.log Command line argument: -Djava.util.logging.config.file=C:\Users\win\Desktop\Tool\apache-tomcat-8.5.82\conf\logging.properties
05-Sep-2022 22:43:44.725 INFO [main] org.apache.catalina.startup.VersionLoggerListener.log Command line argument: -Djava.util.logging.manager=org.apache.juli.ClassLoaderLogManager
05-Sep-2022 22:43:44.725 INFO [main] org.apache.catalina.startup.VersionLoggerListener.log Command line argument: -Dhttp.nonProxyHosts=localhost|127.0.0.1|DESKTOP-AN6C4VB
05-Sep-2022 22:43:44.725 INFO [main] org.apache.catalina.startup.VersionLoggerListener.log Command line argument: -Djdk.tls.ephemeralDHKeySize=2048
05-Sep-2022 22:43:44.725 INFO [main] org.apache.catalina.startup.VersionLoggerListener.log Command line argument: -Djava.protocol.handler.pkgs=org.apache.catalina.webresources
05-Sep-2022 22:43:44.725 INFO [main] org.apache.catalina.startup.VersionLoggerListener.log Command line argument: -Dignore.endorsed.dirs=
05-Sep-2022 22:43:44.725 INFO [main] org.apache.catalina.startup.VersionLoggerListener.log Command line argument: -Dcatalina.base=C:\Users\win\Desktop\Tool\apache-tomcat-8.5.82
05-Sep-2022 22:43:44.726 INFO [main] org.apache.catalina.startup.VersionLoggerListener.log Command line argument: -Dcatalina.home=C:\Users\win\Desktop\Tool\apache-tomcat-8.5.82
05-Sep-2022 22:43:44.726 INFO [main] org.apache.catalina.startup.VersionLoggerListener.log Command line argument: -Djava.io.tmpdir=C:\Users\win\Desktop\Tool\apache-tomcat-8.5.82\temp
05-Sep-2022 22:43:44.726 INFO [main] org.apache.catalina.core.AprLifecycleListener.lifecycleEvent Loaded Apache Tomcat Native library [1.2.35] using APR version [1.7.0].
05-Sep-2022 22:43:44.726 INFO [main] org.apache.catalina.core.AprLifecycleListener.lifecycleEvent APR capabilities: IPv6 [true], sendfile [true], accept filters [false], random [true], UDS [{4}].
05-Sep-2022 22:43:44.726 INFO [main] org.apache.catalina.core.AprLifecycleListener.lifecycleEvent APR/OpenSSL configuration: useAprConnector [false], useOpenSSL [true]
05-Sep-2022 22:43:44.735 INFO [main] org.apache.catalina.core.AprLifecycleListener.initializeSSL OpenSSL successfully initialized [OpenSSL 1.1.1q  5 Jul 2022]
05-Sep-2022 22:43:46.101 INFO [main] org.apache.coyote.AbstractProtocol.init Initializing ProtocolHandler ["http-nio-8080"]
05-Sep-2022 22:43:46.119 INFO [main] org.apache.catalina.startup.Catalina.load Initialization processed in 1773 ms
05-Sep-2022 22:43:46.194 INFO [main] org.apache.catalina.core.StandardService.startInternal Starting service [Catalina]
05-Sep-2022 22:43:46.194 INFO [main] org.apache.catalina.core.StandardEngine.startInternal Starting Servlet engine: [Apache Tomcat/8.5.82]
05-Sep-2022 22:43:46.204 INFO [localhost-startStop-1] org.apache.catalina.startup.HostConfig.deployDescriptor Deploying deployment descriptor [C:\Users\win\Desktop\Tool\apache-tomcat-8.5.82\conf\Catalina\localhost\LapTop.xml]
05-Sep-2022 22:43:46.854 INFO [localhost-startStop-1] org.apache.jasper.servlet.TldScanner.scanJars At least one JAR was scanned for TLDs yet contained no TLDs. Enable debug logging for this logger for a complete list of JARs that were scanned but no TLDs were found in them. Skipping unneeded JARs during scanning can improve startup time and JSP compilation time.
05-Sep-2022 22:43:47.030 WARNING [localhost-startStop-1] org.apache.catalina.util.SessionIdGeneratorBase.createSecureRandom Creation of SecureRandom instance for session ID generation using [SHA1PRNG] took [147] milliseconds.
05-Sep-2022 22:43:47.050 INFO [localhost-startStop-1] org.apache.catalina.startup.HostConfig.deployDescriptor Deployment of deployment descriptor [C:\Users\win\Desktop\Tool\apache-tomcat-8.5.82\conf\Catalina\localhost\LapTop.xml] has finished in [845] ms
05-Sep-2022 22:43:47.050 INFO [localhost-startStop-1] org.apache.catalina.startup.HostConfig.deployDescriptor Deploying deployment descriptor [C:\Users\win\Desktop\Tool\apache-tomcat-8.5.82\conf\Catalina\localhost\Project_Block5_prj301.xml]
05-Sep-2022 22:43:47.656 INFO [localhost-startStop-1] org.apache.jasper.servlet.TldScanner.scanJars At least one JAR was scanned for TLDs yet contained no TLDs. Enable debug logging for this logger for a complete list of JARs that were scanned but no TLDs were found in them. Skipping unneeded JARs during scanning can improve startup time and JSP compilation time.
05-Sep-2022 22:43:47.671 INFO [localhost-startStop-1] org.apache.catalina.startup.HostConfig.deployDescriptor Deployment of deployment descriptor [C:\Users\win\Desktop\Tool\apache-tomcat-8.5.82\conf\Catalina\localhost\Project_Block5_prj301.xml] has finished in [621] ms
05-Sep-2022 22:43:47.672 INFO [localhost-startStop-1] org.apache.catalina.startup.HostConfig.deployDirectory Deploying web application directory [C:\Users\win\Desktop\Tool\apache-tomcat-8.5.82\webapps\docs]
05-Sep-2022 22:43:47.704 INFO [localhost-startStop-1] org.apache.catalina.startup.HostConfig.deployDirectory Deployment of web application directory [C:\Users\win\Desktop\Tool\apache-tomcat-8.5.82\webapps\docs] has finished in [31] ms
05-Sep-2022 22:43:47.704 INFO [localhost-startStop-1] org.apache.catalina.startup.HostConfig.deployDirectory Deploying web application directory [C:\Users\win\Desktop\Tool\apache-tomcat-8.5.82\webapps\examples]
05-Sep-2022 22:43:48.068 INFO [localhost-startStop-1] org.apache.catalina.startup.HostConfig.deployDirectory Deployment of web application directory [C:\Users\win\Desktop\Tool\apache-tomcat-8.5.82\webapps\examples] has finished in [364] ms
05-Sep-2022 22:43:48.068 INFO [localhost-startStop-1] org.apache.catalina.startup.HostConfig.deployDirectory Deploying web application directory [C:\Users\win\Desktop\Tool\apache-tomcat-8.5.82\webapps\host-manager]
05-Sep-2022 22:43:48.096 INFO [localhost-startStop-1] org.apache.catalina.startup.HostConfig.deployDirectory Deployment of web application directory [C:\Users\win\Desktop\Tool\apache-tomcat-8.5.82\webapps\host-manager] has finished in [28] ms
05-Sep-2022 22:43:48.096 INFO [localhost-startStop-1] org.apache.catalina.startup.HostConfig.deployDirectory Deploying web application directory [C:\Users\win\Desktop\Tool\apache-tomcat-8.5.82\webapps\manager]
05-Sep-2022 22:43:48.121 INFO [localhost-startStop-1] org.apache.catalina.startup.HostConfig.deployDirectory Deployment of web application directory [C:\Users\win\Desktop\Tool\apache-tomcat-8.5.82\webapps\manager] has finished in [25] ms
05-Sep-2022 22:43:48.121 INFO [localhost-startStop-1] org.apache.catalina.startup.HostConfig.deployDirectory Deploying web application directory [C:\Users\win\Desktop\Tool\apache-tomcat-8.5.82\webapps\ROOT]
05-Sep-2022 22:43:48.157 INFO [localhost-startStop-1] org.apache.catalina.startup.HostConfig.deployDirectory Deployment of web application directory [C:\Users\win\Desktop\Tool\apache-tomcat-8.5.82\webapps\ROOT] has finished in [36] ms
05-Sep-2022 22:43:48.161 INFO [main] org.apache.coyote.AbstractProtocol.start Starting ProtocolHandler ["http-nio-8080"]
05-Sep-2022 22:43:48.177 INFO [main] org.apache.catalina.startup.Catalina.start Server startup in 2058 ms
05-Sep-2022 22:43:50.509 INFO [http-nio-8080-exec-1] org.apache.catalina.startup.HostConfig.deployDescriptor Deploying deployment descriptor [C:\Users\win\Desktop\Tool\apache-tomcat-8.5.82\conf\Catalina\localhost\ProjectManageFootball.xml]
05-Sep-2022 22:43:52.609 INFO [http-nio-8080-exec-1] org.apache.jasper.servlet.TldScanner.scanJars At least one JAR was scanned for TLDs yet contained no TLDs. Enable debug logging for this logger for a complete list of JARs that were scanned but no TLDs were found in them. Skipping unneeded JARs during scanning can improve startup time and JSP compilation time.
05-Sep-2022 22:43:52.622 INFO [http-nio-8080-exec-1] org.apache.catalina.startup.HostConfig.deployDescriptor Deployment of deployment descriptor [C:\Users\win\Desktop\Tool\apache-tomcat-8.5.82\conf\Catalina\localhost\ProjectManageFootball.xml] has finished in [2,113] ms
05-Sep-2022 22:43:52.626 INFO [http-nio-8080-exec-2] org.apache.catalina.util.LifecycleBase.start The start() method was called on component [StandardEngine[Catalina].StandardHost[localhost].StandardContext[/ProjectManageFootball]] after start() had already been called. The second call will be ignored.
05-Sep-2022 22:46:23.149 INFO [main] org.apache.catalina.core.StandardServer.await A valid shutdown command was received via the shutdown port. Stopping the Server instance.
05-Sep-2022 22:46:23.149 INFO [main] org.apache.coyote.AbstractProtocol.pause Pausing ProtocolHandler ["http-nio-8080"]
05-Sep-2022 22:46:23.284 INFO [main] org.apache.catalina.core.StandardService.stopInternal Stopping service [Catalina]
05-Sep-2022 22:46:23.317 WARNING [localhost-startStop-2] org.apache.catalina.loader.WebappClassLoaderBase.clearReferencesJdbc The web application [LapTop] registered the JDBC driver [com.microsoft.sqlserver.jdbc.SQLServerDriver] but failed to unregister it when the web application was stopped. To prevent a memory leak, the JDBC Driver has been forcibly unregistered.
05-Sep-2022 22:46:23.318 SEVERE [localhost-startStop-2] org.apache.catalina.loader.WebappClassLoaderBase.checkThreadLocalMapForLeaks The web application [LapTop] created a ThreadLocal with key of type [com.microsoft.sqlserver.jdbc.ActivityCorrelator$1] (value [com.microsoft.sqlserver.jdbc.ActivityCorrelator$1@c951f55]) and a value of type [com.microsoft.sqlserver.jdbc.ActivityId] (value [54ba15b1-76cd-4c4c-8158-7279ac36823c-2]) but failed to remove it when the web application was stopped. Threads are going to be renewed over time to try and avoid a probable memory leak.
05-Sep-2022 22:46:23.344 WARNING [localhost-startStop-2] org.apache.catalina.loader.WebappClassLoaderBase.clearReferencesJdbc The web application [ProjectManageFootball] registered the JDBC driver [com.microsoft.sqlserver.jdbc.SQLServerDriver] but failed to unregister it when the web application was stopped. To prevent a memory leak, the JDBC Driver has been forcibly unregistered.
05-Sep-2022 22:46:23.344 SEVERE [localhost-startStop-2] org.apache.catalina.loader.WebappClassLoaderBase.checkThreadLocalMapForLeaks The web application [ProjectManageFootball] created a ThreadLocal with key of type [com.microsoft.sqlserver.jdbc.ActivityCorrelator$1] (value [com.microsoft.sqlserver.jdbc.ActivityCorrelator$1@5519dca6]) and a value of type [com.microsoft.sqlserver.jdbc.ActivityId] (value [6ed498ba-87fc-48bb-9927-cacfa84788aa-1]) but failed to remove it when the web application was stopped. Threads are going to be renewed over time to try and avoid a probable memory leak.
05-Sep-2022 22:46:23.345 SEVERE [localhost-startStop-2] org.apache.catalina.loader.WebappClassLoaderBase.checkThreadLocalMapForLeaks The web application [ProjectManageFootball] created a ThreadLocal with key of type [com.microsoft.sqlserver.jdbc.ActivityCorrelator$1] (value [com.microsoft.sqlserver.jdbc.ActivityCorrelator$1@5519dca6]) and a value of type [com.microsoft.sqlserver.jdbc.ActivityId] (value [a94ef944-57b3-4466-affc-3b91b22b4962-1]) but failed to remove it when the web application was stopped. Threads are going to be renewed over time to try and avoid a probable memory leak.
05-Sep-2022 22:46:23.352 INFO [main] org.apache.coyote.AbstractProtocol.stop Stopping ProtocolHandler ["http-nio-8080"]
05-Sep-2022 22:46:23.368 INFO [main] org.apache.coyote.AbstractProtocol.destroy Destroying ProtocolHandler ["http-nio-8080"]
05-Sep-2022 23:16:57.494 INFO [main] org.apache.catalina.startup.VersionLoggerListener.log Server version name:   Apache Tomcat/8.5.82
05-Sep-2022 23:16:57.495 INFO [main] org.apache.catalina.startup.VersionLoggerListener.log Server built:          Aug 8 2022 21:26:07 UTC
05-Sep-2022 23:16:57.500 INFO [main] org.apache.catalina.startup.VersionLoggerListener.log Server version number: 8.5.82.0
05-Sep-2022 23:16:57.500 INFO [main] org.apache.catalina.startup.VersionLoggerListener.log OS Name:               Windows 10
05-Sep-2022 23:16:57.500 INFO [main] org.apache.catalina.startup.VersionLoggerListener.log OS Version:            10.0
05-Sep-2022 23:16:57.500 INFO [main] org.apache.catalina.startup.VersionLoggerListener.log Architecture:          amd64
05-Sep-2022 23:16:57.501 INFO [main] org.apache.catalina.startup.VersionLoggerListener.log Java Home:             C:\Program Files\Java\jdk1.8.0_321\jre
05-Sep-2022 23:16:57.501 INFO [main] org.apache.catalina.startup.VersionLoggerListener.log JVM Version:           1.8.0_321-b07
05-Sep-2022 23:16:57.501 INFO [main] org.apache.catalina.startup.VersionLoggerListener.log JVM Vendor:            Oracle Corporation
05-Sep-2022 23:16:57.501 INFO [main] org.apache.catalina.startup.VersionLoggerListener.log CATALINA_BASE:         C:\Users\win\Desktop\Tool\apache-tomcat-8.5.82
05-Sep-2022 23:16:57.501 INFO [main] org.apache.catalina.startup.VersionLoggerListener.log CATALINA_HOME:         C:\Users\win\Desktop\Tool\apache-tomcat-8.5.82
05-Sep-2022 23:16:57.501 INFO [main] org.apache.catalina.startup.VersionLoggerListener.log Command line argument: -Djava.util.logging.config.file=C:\Users\win\Desktop\Tool\apache-tomcat-8.5.82\conf\logging.properties
05-Sep-2022 23:16:57.501 INFO [main] org.apache.catalina.startup.VersionLoggerListener.log Command line argument: -Djava.util.logging.manager=org.apache.juli.ClassLoaderLogManager
05-Sep-2022 23:16:57.501 INFO [main] org.apache.catalina.startup.VersionLoggerListener.log Command line argument: -Dhttp.nonProxyHosts=localhost|127.0.0.1|DESKTOP-AN6C4VB
05-Sep-2022 23:16:57.501 INFO [main] org.apache.catalina.startup.VersionLoggerListener.log Command line argument: -Djdk.tls.ephemeralDHKeySize=2048
05-Sep-2022 23:16:57.501 INFO [main] org.apache.catalina.startup.VersionLoggerListener.log Command line argument: -Djava.protocol.handler.pkgs=org.apache.catalina.webresources
05-Sep-2022 23:16:57.501 INFO [main] org.apache.catalina.startup.VersionLoggerListener.log Command line argument: -Dignore.endorsed.dirs=
05-Sep-2022 23:16:57.501 INFO [main] org.apache.catalina.startup.VersionLoggerListener.log Command line argument: -Dcatalina.base=C:\Users\win\Desktop\Tool\apache-tomcat-8.5.82
05-Sep-2022 23:16:57.501 INFO [main] org.apache.catalina.startup.VersionLoggerListener.log Command line argument: -Dcatalina.home=C:\Users\win\Desktop\Tool\apache-tomcat-8.5.82
05-Sep-2022 23:16:57.502 INFO [main] org.apache.catalina.startup.VersionLoggerListener.log Command line argument: -Djava.io.tmpdir=C:\Users\win\Desktop\Tool\apache-tomcat-8.5.82\temp
05-Sep-2022 23:16:57.502 INFO [main] org.apache.catalina.core.AprLifecycleListener.lifecycleEvent Loaded Apache Tomcat Native library [1.2.35] using APR version [1.7.0].
05-Sep-2022 23:16:57.502 INFO [main] org.apache.catalina.core.AprLifecycleListener.lifecycleEvent APR capabilities: IPv6 [true], sendfile [true], accept filters [false], random [true], UDS [{4}].
05-Sep-2022 23:16:57.502 INFO [main] org.apache.catalina.core.AprLifecycleListener.lifecycleEvent APR/OpenSSL configuration: useAprConnector [false], useOpenSSL [true]
05-Sep-2022 23:16:57.506 INFO [main] org.apache.catalina.core.AprLifecycleListener.initializeSSL OpenSSL successfully initialized [OpenSSL 1.1.1q  5 Jul 2022]
05-Sep-2022 23:16:57.662 INFO [main] org.apache.coyote.AbstractProtocol.init Initializing ProtocolHandler ["http-nio-8080"]
05-Sep-2022 23:16:57.680 INFO [main] org.apache.catalina.startup.Catalina.load Initialization processed in 526 ms
05-Sep-2022 23:16:57.751 INFO [main] org.apache.catalina.core.StandardService.startInternal Starting service [Catalina]
05-Sep-2022 23:16:57.751 INFO [main] org.apache.catalina.core.StandardEngine.startInternal Starting Servlet engine: [Apache Tomcat/8.5.82]
05-Sep-2022 23:16:57.825 SEVERE [Catalina-startStop-1] org.apache.catalina.valves.AccessLogValve.open Failed to open access log file [C:\Users\win\Desktop\Tool\apache-tomcat-8.5.82\logs\localhost_access_log.2022-09-05.txt] Note: running as user [win]
	java.io.FileNotFoundException: C:\Users\win\Desktop\Tool\apache-tomcat-8.5.82\logs\localhost_access_log.2022-09-05.txt (Access is denied)
		at java.io.FileOutputStream.open0(Native Method)
		at java.io.FileOutputStream.open(FileOutputStream.java:270)
		at java.io.FileOutputStream.<init>(FileOutputStream.java:213)
		at org.apache.catalina.valves.AccessLogValve.open(AccessLogValve.java:651)
		at org.apache.catalina.valves.AccessLogValve.startInternal(AccessLogValve.java:685)
		at org.apache.catalina.util.LifecycleBase.start(LifecycleBase.java:183)
		at org.apache.catalina.core.StandardPipeline.startInternal(StandardPipeline.java:175)
		at org.apache.catalina.util.LifecycleBase.start(LifecycleBase.java:183)
		at org.apache.catalina.core.ContainerBase.startInternal(ContainerBase.java:959)
		at org.apache.catalina.core.StandardHost.startInternal(StandardHost.java:833)
		at org.apache.catalina.util.LifecycleBase.start(LifecycleBase.java:183)
		at org.apache.catalina.core.ContainerBase$StartChild.call(ContainerBase.java:1427)
		at org.apache.catalina.core.ContainerBase$StartChild.call(ContainerBase.java:1417)
		at java.util.concurrent.FutureTask.run(FutureTask.java:266)
		at java.util.concurrent.ThreadPoolExecutor.runWorker(ThreadPoolExecutor.java:1149)
		at java.util.concurrent.ThreadPoolExecutor$Worker.run(ThreadPoolExecutor.java:624)
		at java.lang.Thread.run(Thread.java:750)
05-Sep-2022 23:16:57.828 INFO [localhost-startStop-1] org.apache.catalina.startup.HostConfig.deployDescriptor Deploying deployment descriptor [C:\Users\win\Desktop\Tool\apache-tomcat-8.5.82\conf\Catalina\localhost\LapTop.xml]
05-Sep-2022 23:16:58.468 INFO [localhost-startStop-1] org.apache.jasper.servlet.TldScanner.scanJars At least one JAR was scanned for TLDs yet contained no TLDs. Enable debug logging for this logger for a complete list of JARs that were scanned but no TLDs were found in them. Skipping unneeded JARs during scanning can improve startup time and JSP compilation time.
05-Sep-2022 23:16:58.657 WARNING [localhost-startStop-1] org.apache.catalina.util.SessionIdGeneratorBase.createSecureRandom Creation of SecureRandom instance for session ID generation using [SHA1PRNG] took [160] milliseconds.
05-Sep-2022 23:16:58.677 INFO [localhost-startStop-1] org.apache.catalina.startup.HostConfig.deployDescriptor Deployment of deployment descriptor [C:\Users\win\Desktop\Tool\apache-tomcat-8.5.82\conf\Catalina\localhost\LapTop.xml] has finished in [849] ms
05-Sep-2022 23:16:58.678 INFO [localhost-startStop-1] org.apache.catalina.startup.HostConfig.deployDescriptor Deploying deployment descriptor [C:\Users\win\Desktop\Tool\apache-tomcat-8.5.82\conf\Catalina\localhost\ProjectManageFootball.xml]
05-Sep-2022 23:16:59.335 INFO [localhost-startStop-1] org.apache.jasper.servlet.TldScanner.scanJars At least one JAR was scanned for TLDs yet contained no TLDs. Enable debug logging for this logger for a complete list of JARs that were scanned but no TLDs were found in them. Skipping unneeded JARs during scanning can improve startup time and JSP compilation time.
05-Sep-2022 23:16:59.352 INFO [localhost-startStop-1] org.apache.catalina.startup.HostConfig.deployDescriptor Deployment of deployment descriptor [C:\Users\win\Desktop\Tool\apache-tomcat-8.5.82\conf\Catalina\localhost\ProjectManageFootball.xml] has finished in [674] ms
05-Sep-2022 23:16:59.352 INFO [localhost-startStop-1] org.apache.catalina.startup.HostConfig.deployDescriptor Deploying deployment descriptor [C:\Users\win\Desktop\Tool\apache-tomcat-8.5.82\conf\Catalina\localhost\Project_Block5_prj301.xml]
05-Sep-2022 23:16:59.874 INFO [localhost-startStop-1] org.apache.jasper.servlet.TldScanner.scanJars At least one JAR was scanned for TLDs yet contained no TLDs. Enable debug logging for this logger for a complete list of JARs that were scanned but no TLDs were found in them. Skipping unneeded JARs during scanning can improve startup time and JSP compilation time.
05-Sep-2022 23:16:59.891 INFO [localhost-startStop-1] org.apache.catalina.startup.HostConfig.deployDescriptor Deployment of deployment descriptor [C:\Users\win\Desktop\Tool\apache-tomcat-8.5.82\conf\Catalina\localhost\Project_Block5_prj301.xml] has finished in [539] ms
05-Sep-2022 23:16:59.892 INFO [localhost-startStop-1] org.apache.catalina.startup.HostConfig.deployDirectory Deploying web application directory [C:\Users\win\Desktop\Tool\apache-tomcat-8.5.82\webapps\docs]
05-Sep-2022 23:16:59.913 INFO [localhost-startStop-1] org.apache.catalina.startup.HostConfig.deployDirectory Deployment of web application directory [C:\Users\win\Desktop\Tool\apache-tomcat-8.5.82\webapps\docs] has finished in [21] ms
05-Sep-2022 23:16:59.913 INFO [localhost-startStop-1] org.apache.catalina.startup.HostConfig.deployDirectory Deploying web application directory [C:\Users\win\Desktop\Tool\apache-tomcat-8.5.82\webapps\examples]
05-Sep-2022 23:17:00.161 INFO [localhost-startStop-1] org.apache.catalina.startup.HostConfig.deployDirectory Deployment of web application directory [C:\Users\win\Desktop\Tool\apache-tomcat-8.5.82\webapps\examples] has finished in [248] ms
05-Sep-2022 23:17:00.162 INFO [localhost-startStop-1] org.apache.catalina.startup.HostConfig.deployDirectory Deploying web application directory [C:\Users\win\Desktop\Tool\apache-tomcat-8.5.82\webapps\host-manager]
05-Sep-2022 23:17:00.188 INFO [localhost-startStop-1] org.apache.catalina.startup.HostConfig.deployDirectory Deployment of web application directory [C:\Users\win\Desktop\Tool\apache-tomcat-8.5.82\webapps\host-manager] has finished in [25] ms
05-Sep-2022 23:17:00.188 INFO [localhost-startStop-1] org.apache.catalina.startup.HostConfig.deployDirectory Deploying web application directory [C:\Users\win\Desktop\Tool\apache-tomcat-8.5.82\webapps\manager]
05-Sep-2022 23:17:00.211 INFO [localhost-startStop-1] org.apache.catalina.startup.HostConfig.deployDirectory Deployment of web application directory [C:\Users\win\Desktop\Tool\apache-tomcat-8.5.82\webapps\manager] has finished in [23] ms
05-Sep-2022 23:17:00.212 INFO [localhost-startStop-1] org.apache.catalina.startup.HostConfig.deployDirectory Deploying web application directory [C:\Users\win\Desktop\Tool\apache-tomcat-8.5.82\webapps\ROOT]
05-Sep-2022 23:17:00.231 INFO [localhost-startStop-1] org.apache.catalina.startup.HostConfig.deployDirectory Deployment of web application directory [C:\Users\win\Desktop\Tool\apache-tomcat-8.5.82\webapps\ROOT] has finished in [19] ms
05-Sep-2022 23:17:00.234 INFO [main] org.apache.coyote.AbstractProtocol.start Starting ProtocolHandler ["http-nio-8080"]
05-Sep-2022 23:17:00.249 INFO [main] org.apache.catalina.startup.Catalina.start Server startup in 2568 ms
05-Sep-2022 23:19:18.426 INFO [main] org.apache.catalina.core.StandardServer.await A valid shutdown command was received via the shutdown port. Stopping the Server instance.
05-Sep-2022 23:19:18.426 INFO [main] org.apache.coyote.AbstractProtocol.pause Pausing ProtocolHandler ["http-nio-8080"]
05-Sep-2022 23:19:18.566 INFO [main] org.apache.catalina.core.StandardService.stopInternal Stopping service [Catalina]
05-Sep-2022 23:19:18.581 WARNING [localhost-startStop-2] org.apache.catalina.loader.WebappClassLoaderBase.clearReferencesJdbc The web application [LapTop] registered the JDBC driver [com.microsoft.sqlserver.jdbc.SQLServerDriver] but failed to unregister it when the web application was stopped. To prevent a memory leak, the JDBC Driver has been forcibly unregistered.
05-Sep-2022 23:19:18.581 SEVERE [localhost-startStop-2] org.apache.catalina.loader.WebappClassLoaderBase.checkThreadLocalMapForLeaks The web application [LapTop] created a ThreadLocal with key of type [com.microsoft.sqlserver.jdbc.ActivityCorrelator$1] (value [com.microsoft.sqlserver.jdbc.ActivityCorrelator$1@5236e6f9]) and a value of type [com.microsoft.sqlserver.jdbc.ActivityId] (value [7c3a908a-2388-4db2-996f-c83f07f2d33e-3]) but failed to remove it when the web application was stopped. Threads are going to be renewed over time to try and avoid a probable memory leak.
05-Sep-2022 23:19:18.582 SEVERE [localhost-startStop-2] org.apache.catalina.loader.WebappClassLoaderBase.checkThreadLocalMapForLeaks The web application [LapTop] created a ThreadLocal with key of type [com.microsoft.sqlserver.jdbc.ActivityCorrelator$1] (value [com.microsoft.sqlserver.jdbc.ActivityCorrelator$1@5236e6f9]) and a value of type [com.microsoft.sqlserver.jdbc.ActivityId] (value [6caff4f2-3be9-4462-875c-affbb29be068-5]) but failed to remove it when the web application was stopped. Threads are going to be renewed over time to try and avoid a probable memory leak.
05-Sep-2022 23:19:18.582 SEVERE [localhost-startStop-2] org.apache.catalina.loader.WebappClassLoaderBase.checkThreadLocalMapForLeaks The web application [LapTop] created a ThreadLocal with key of type [com.microsoft.sqlserver.jdbc.ActivityCorrelator$1] (value [com.microsoft.sqlserver.jdbc.ActivityCorrelator$1@5236e6f9]) and a value of type [com.microsoft.sqlserver.jdbc.ActivityId] (value [cf2e51cd-31d2-43e3-9df7-9b90de06b1c5-2]) but failed to remove it when the web application was stopped. Threads are going to be renewed over time to try and avoid a probable memory leak.
05-Sep-2022 23:19:18.582 SEVERE [localhost-startStop-2] org.apache.catalina.loader.WebappClassLoaderBase.checkThreadLocalMapForLeaks The web application [LapTop] created a ThreadLocal with key of type [com.microsoft.sqlserver.jdbc.ActivityCorrelator$1] (value [com.microsoft.sqlserver.jdbc.ActivityCorrelator$1@5236e6f9]) and a value of type [com.microsoft.sqlserver.jdbc.ActivityId] (value [e9157143-5f5c-4ea5-8f1a-a409d90b28e6-7]) but failed to remove it when the web application was stopped. Threads are going to be renewed over time to try and avoid a probable memory leak.
05-Sep-2022 23:19:18.582 SEVERE [localhost-startStop-2] org.apache.catalina.loader.WebappClassLoaderBase.checkThreadLocalMapForLeaks The web application [LapTop] created a ThreadLocal with key of type [com.microsoft.sqlserver.jdbc.ActivityCorrelator$1] (value [com.microsoft.sqlserver.jdbc.ActivityCorrelator$1@5236e6f9]) and a value of type [com.microsoft.sqlserver.jdbc.ActivityId] (value [0da82b42-dd21-4dfc-8a31-3cab33c816b2-4]) but failed to remove it when the web application was stopped. Threads are going to be renewed over time to try and avoid a probable memory leak.
05-Sep-2022 23:19:18.582 SEVERE [localhost-startStop-2] org.apache.catalina.loader.WebappClassLoaderBase.checkThreadLocalMapForLeaks The web application [LapTop] created a ThreadLocal with key of type [com.microsoft.sqlserver.jdbc.ActivityCorrelator$1] (value [com.microsoft.sqlserver.jdbc.ActivityCorrelator$1@5236e6f9]) and a value of type [com.microsoft.sqlserver.jdbc.ActivityId] (value [2deb56cf-dab0-4965-9cb6-1302cfc5af08-5]) but failed to remove it when the web application was stopped. Threads are going to be renewed over time to try and avoid a probable memory leak.
05-Sep-2022 23:19:18.623 SEVERE [localhost-startStop-2] org.apache.catalina.loader.WebappClassLoaderBase.checkThreadLocalMapForLeaks The web application [LapTop] created a ThreadLocal with key of type [com.microsoft.sqlserver.jdbc.ActivityCorrelator$1] (value [com.microsoft.sqlserver.jdbc.ActivityCorrelator$1@5236e6f9]) and a value of type [com.microsoft.sqlserver.jdbc.ActivityId] (value [648a6e8b-01e3-4f6d-a8a5-dd08a199f1d0-2]) but failed to remove it when the web application was stopped. Threads are going to be renewed over time to try and avoid a probable memory leak.
05-Sep-2022 23:19:18.623 SEVERE [localhost-startStop-2] org.apache.catalina.loader.WebappClassLoaderBase.checkThreadLocalMapForLeaks The web application [LapTop] created a ThreadLocal with key of type [com.microsoft.sqlserver.jdbc.ActivityCorrelator$1] (value [com.microsoft.sqlserver.jdbc.ActivityCorrelator$1@5236e6f9]) and a value of type [com.microsoft.sqlserver.jdbc.ActivityId] (value [6beaffec-ef7c-48aa-a7ff-bd6db07f1b13-2]) but failed to remove it when the web application was stopped. Threads are going to be renewed over time to try and avoid a probable memory leak.
05-Sep-2022 23:19:18.631 INFO [main] org.apache.coyote.AbstractProtocol.stop Stopping ProtocolHandler ["http-nio-8080"]
05-Sep-2022 23:19:18.640 INFO [main] org.apache.coyote.AbstractProtocol.destroy Destroying ProtocolHandler ["http-nio-8080"]
