23-Aug-2022 21:52:04.189 INFO [main] org.apache.catalina.startup.VersionLoggerListener.log Server version name:   Apache Tomcat/8.5.82
23-Aug-2022 21:52:04.194 INFO [main] org.apache.catalina.startup.VersionLoggerListener.log Server built:          Aug 8 2022 21:26:07 UTC
23-Aug-2022 21:52:04.199 INFO [main] org.apache.catalina.startup.VersionLoggerListener.log Server version number: 8.5.82.0
23-Aug-2022 21:52:04.199 INFO [main] org.apache.catalina.startup.VersionLoggerListener.log OS Name:               Windows 10
23-Aug-2022 21:52:04.199 INFO [main] org.apache.catalina.startup.VersionLoggerListener.log OS Version:            10.0
23-Aug-2022 21:52:04.200 INFO [main] org.apache.catalina.startup.VersionLoggerListener.log Architecture:          amd64
23-Aug-2022 21:52:04.200 INFO [main] org.apache.catalina.startup.VersionLoggerListener.log Java Home:             C:\Program Files\Java\jdk1.8.0_321\jre
23-Aug-2022 21:52:04.200 INFO [main] org.apache.catalina.startup.VersionLoggerListener.log JVM Version:           1.8.0_321-b07
23-Aug-2022 21:52:04.200 INFO [main] org.apache.catalina.startup.VersionLoggerListener.log JVM Vendor:            Oracle Corporation
23-Aug-2022 21:52:04.200 INFO [main] org.apache.catalina.startup.VersionLoggerListener.log CATALINA_BASE:         C:\Users\win\Desktop\Tool\apache-tomcat-8.5.82
23-Aug-2022 21:52:04.200 INFO [main] org.apache.catalina.startup.VersionLoggerListener.log CATALINA_HOME:         C:\Users\win\Desktop\Tool\apache-tomcat-8.5.82
23-Aug-2022 21:52:04.200 INFO [main] org.apache.catalina.startup.VersionLoggerListener.log Command line argument: -Djava.util.logging.config.file=C:\Users\win\Desktop\Tool\apache-tomcat-8.5.82\conf\logging.properties
23-Aug-2022 21:52:04.200 INFO [main] org.apache.catalina.startup.VersionLoggerListener.log Command line argument: -Djava.util.logging.manager=org.apache.juli.ClassLoaderLogManager
23-Aug-2022 21:52:04.200 INFO [main] org.apache.catalina.startup.VersionLoggerListener.log Command line argument: -Dhttp.nonProxyHosts=localhost|127.0.0.1|DESKTOP-AN6C4VB
23-Aug-2022 21:52:04.200 INFO [main] org.apache.catalina.startup.VersionLoggerListener.log Command line argument: -Djdk.tls.ephemeralDHKeySize=2048
23-Aug-2022 21:52:04.200 INFO [main] org.apache.catalina.startup.VersionLoggerListener.log Command line argument: -Djava.protocol.handler.pkgs=org.apache.catalina.webresources
23-Aug-2022 21:52:04.200 INFO [main] org.apache.catalina.startup.VersionLoggerListener.log Command line argument: -Dignore.endorsed.dirs=
23-Aug-2022 21:52:04.200 INFO [main] org.apache.catalina.startup.VersionLoggerListener.log Command line argument: -Dcatalina.base=C:\Users\win\Desktop\Tool\apache-tomcat-8.5.82
23-Aug-2022 21:52:04.200 INFO [main] org.apache.catalina.startup.VersionLoggerListener.log Command line argument: -Dcatalina.home=C:\Users\win\Desktop\Tool\apache-tomcat-8.5.82
23-Aug-2022 21:52:04.200 INFO [main] org.apache.catalina.startup.VersionLoggerListener.log Command line argument: -Djava.io.tmpdir=C:\Users\win\Desktop\Tool\apache-tomcat-8.5.82\temp
23-Aug-2022 21:52:04.200 INFO [main] org.apache.catalina.core.AprLifecycleListener.lifecycleEvent Loaded Apache Tomcat Native library [1.2.35] using APR version [1.7.0].
23-Aug-2022 21:52:04.201 INFO [main] org.apache.catalina.core.AprLifecycleListener.lifecycleEvent APR capabilities: IPv6 [true], sendfile [true], accept filters [false], random [true], UDS [{4}].
23-Aug-2022 21:52:04.201 INFO [main] org.apache.catalina.core.AprLifecycleListener.lifecycleEvent APR/OpenSSL configuration: useAprConnector [false], useOpenSSL [true]
23-Aug-2022 21:52:04.211 INFO [main] org.apache.catalina.core.AprLifecycleListener.initializeSSL OpenSSL successfully initialized [OpenSSL 1.1.1q  5 Jul 2022]
23-Aug-2022 21:52:05.535 INFO [main] org.apache.coyote.AbstractProtocol.init Initializing ProtocolHandler ["http-nio-8080"]
23-Aug-2022 21:52:05.559 INFO [main] org.apache.catalina.startup.Catalina.load Initialization processed in 1725 ms
23-Aug-2022 21:52:05.630 INFO [main] org.apache.catalina.core.StandardService.startInternal Starting service [Catalina]
23-Aug-2022 21:52:05.630 INFO [main] org.apache.catalina.core.StandardEngine.startInternal Starting Servlet engine: [Apache Tomcat/8.5.82]
23-Aug-2022 21:52:05.638 INFO [localhost-startStop-1] org.apache.catalina.startup.HostConfig.deployDirectory Deploying web application directory [C:\Users\win\Desktop\Tool\apache-tomcat-8.5.82\webapps\docs]
23-Aug-2022 21:52:05.973 WARNING [localhost-startStop-1] org.apache.catalina.util.SessionIdGeneratorBase.createSecureRandom Creation of SecureRandom instance for session ID generation using [SHA1PRNG] took [151] milliseconds.
23-Aug-2022 21:52:05.991 INFO [localhost-startStop-1] org.apache.catalina.startup.HostConfig.deployDirectory Deployment of web application directory [C:\Users\win\Desktop\Tool\apache-tomcat-8.5.82\webapps\docs] has finished in [353] ms
23-Aug-2022 21:52:05.991 INFO [localhost-startStop-1] org.apache.catalina.startup.HostConfig.deployDirectory Deploying web application directory [C:\Users\win\Desktop\Tool\apache-tomcat-8.5.82\webapps\examples]
23-Aug-2022 21:52:06.418 INFO [localhost-startStop-1] org.apache.catalina.startup.HostConfig.deployDirectory Deployment of web application directory [C:\Users\win\Desktop\Tool\apache-tomcat-8.5.82\webapps\examples] has finished in [427] ms
23-Aug-2022 21:52:06.418 INFO [localhost-startStop-1] org.apache.catalina.startup.HostConfig.deployDirectory Deploying web application directory [C:\Users\win\Desktop\Tool\apache-tomcat-8.5.82\webapps\host-manager]
23-Aug-2022 21:52:06.448 INFO [localhost-startStop-1] org.apache.catalina.startup.HostConfig.deployDirectory Deployment of web application directory [C:\Users\win\Desktop\Tool\apache-tomcat-8.5.82\webapps\host-manager] has finished in [30] ms
23-Aug-2022 21:52:06.448 INFO [localhost-startStop-1] org.apache.catalina.startup.HostConfig.deployDirectory Deploying web application directory [C:\Users\win\Desktop\Tool\apache-tomcat-8.5.82\webapps\manager]
23-Aug-2022 21:52:06.472 INFO [localhost-startStop-1] org.apache.catalina.startup.HostConfig.deployDirectory Deployment of web application directory [C:\Users\win\Desktop\Tool\apache-tomcat-8.5.82\webapps\manager] has finished in [24] ms
23-Aug-2022 21:52:06.473 INFO [localhost-startStop-1] org.apache.catalina.startup.HostConfig.deployDirectory Deploying web application directory [C:\Users\win\Desktop\Tool\apache-tomcat-8.5.82\webapps\ROOT]
23-Aug-2022 21:52:06.494 INFO [localhost-startStop-1] org.apache.catalina.startup.HostConfig.deployDirectory Deployment of web application directory [C:\Users\win\Desktop\Tool\apache-tomcat-8.5.82\webapps\ROOT] has finished in [21] ms
23-Aug-2022 21:52:06.498 INFO [main] org.apache.coyote.AbstractProtocol.start Starting ProtocolHandler ["http-nio-8080"]
23-Aug-2022 21:52:06.516 INFO [main] org.apache.catalina.startup.Catalina.start Server startup in 956 ms
23-Aug-2022 21:52:32.323 INFO [http-nio-8080-exec-4] org.apache.catalina.startup.HostConfig.deployDescriptor Deploying deployment descriptor [C:\Users\win\Desktop\Tool\apache-tomcat-8.5.82\conf\Catalina\localhost\Project_Block5_prj301.xml]
23-Aug-2022 21:52:32.858 INFO [http-nio-8080-exec-4] org.apache.jasper.servlet.TldScanner.scanJars At least one JAR was scanned for TLDs yet contained no TLDs. Enable debug logging for this logger for a complete list of JARs that were scanned but no TLDs were found in them. Skipping unneeded JARs during scanning can improve startup time and JSP compilation time.
23-Aug-2022 21:52:32.871 INFO [http-nio-8080-exec-4] org.apache.catalina.startup.HostConfig.deployDescriptor Deployment of deployment descriptor [C:\Users\win\Desktop\Tool\apache-tomcat-8.5.82\conf\Catalina\localhost\Project_Block5_prj301.xml] has finished in [547] ms
23-Aug-2022 21:52:32.874 INFO [http-nio-8080-exec-3] org.apache.catalina.util.LifecycleBase.start The start() method was called on component [StandardEngine[Catalina].StandardHost[localhost].StandardContext[/Project_Block5_prj301]] after start() had already been called. The second call will be ignored.
23-Aug-2022 21:53:17.702 INFO [http-nio-8080-exec-4] org.apache.jasper.servlet.TldScanner.scanJars At least one JAR was scanned for TLDs yet contained no TLDs. Enable debug logging for this logger for a complete list of JARs that were scanned but no TLDs were found in them. Skipping unneeded JARs during scanning can improve startup time and JSP compilation time.
23-Aug-2022 21:53:18.088 INFO [http-nio-8080-exec-1] org.apache.catalina.core.StandardContext.reload Reloading Context with name [/Project_Block5_prj301] has started
23-Aug-2022 21:53:18.768 INFO [http-nio-8080-exec-1] org.apache.jasper.servlet.TldScanner.scanJars At least one JAR was scanned for TLDs yet contained no TLDs. Enable debug logging for this logger for a complete list of JARs that were scanned but no TLDs were found in them. Skipping unneeded JARs during scanning can improve startup time and JSP compilation time.
23-Aug-2022 21:53:18.796 INFO [http-nio-8080-exec-1] org.apache.catalina.core.StandardContext.reload Reloading Context with name [/Project_Block5_prj301] is completed
23-Aug-2022 21:53:26.601 INFO [ContainerBackgroundProcessor[StandardEngine[Catalina]]] org.apache.catalina.startup.HostConfig.reload Reloading context [/Project_Block5_prj301]
23-Aug-2022 21:53:26.601 INFO [ContainerBackgroundProcessor[StandardEngine[Catalina]]] org.apache.catalina.core.StandardContext.reload Reloading Context with name [/Project_Block5_prj301] has started
23-Aug-2022 21:53:26.989 INFO [ContainerBackgroundProcessor[StandardEngine[Catalina]]] org.apache.jasper.servlet.TldScanner.scanJars At least one JAR was scanned for TLDs yet contained no TLDs. Enable debug logging for this logger for a complete list of JARs that were scanned but no TLDs were found in them. Skipping unneeded JARs during scanning can improve startup time and JSP compilation time.
23-Aug-2022 21:53:27.002 INFO [ContainerBackgroundProcessor[StandardEngine[Catalina]]] org.apache.catalina.core.StandardContext.reload Reloading Context with name [/Project_Block5_prj301] is completed
23-Aug-2022 21:54:20.682 INFO [http-nio-8080-exec-7] org.apache.catalina.startup.HostConfig.undeploy Undeploying context [/Project_Block5_prj301]
23-Aug-2022 21:54:40.013 INFO [http-nio-8080-exec-13] org.apache.catalina.startup.HostConfig.deployDescriptor Deploying deployment descriptor [C:\Users\win\Desktop\Tool\apache-tomcat-8.5.82\conf\Catalina\localhost\Project_Block5_prj301.xml]
23-Aug-2022 21:54:40.425 INFO [http-nio-8080-exec-13] org.apache.jasper.servlet.TldScanner.scanJars At least one JAR was scanned for TLDs yet contained no TLDs. Enable debug logging for this logger for a complete list of JARs that were scanned but no TLDs were found in them. Skipping unneeded JARs during scanning can improve startup time and JSP compilation time.
23-Aug-2022 21:54:40.448 INFO [http-nio-8080-exec-13] org.apache.catalina.startup.HostConfig.deployDescriptor Deployment of deployment descriptor [C:\Users\win\Desktop\Tool\apache-tomcat-8.5.82\conf\Catalina\localhost\Project_Block5_prj301.xml] has finished in [435] ms
23-Aug-2022 21:54:40.451 INFO [http-nio-8080-exec-4] org.apache.catalina.util.LifecycleBase.start The start() method was called on component [StandardEngine[Catalina].StandardHost[localhost].StandardContext[/Project_Block5_prj301]] after start() had already been called. The second call will be ignored.
23-Aug-2022 21:54:41.165 INFO [http-nio-8080-exec-15] org.apache.jasper.servlet.TldScanner.scanJars At least one JAR was scanned for TLDs yet contained no TLDs. Enable debug logging for this logger for a complete list of JARs that were scanned but no TLDs were found in them. Skipping unneeded JARs during scanning can improve startup time and JSP compilation time.
23-Aug-2022 21:55:11.565 INFO [http-nio-8080-exec-15] org.apache.jasper.servlet.TldScanner.scanJars At least one JAR was scanned for TLDs yet contained no TLDs. Enable debug logging for this logger for a complete list of JARs that were scanned but no TLDs were found in them. Skipping unneeded JARs during scanning can improve startup time and JSP compilation time.
23-Aug-2022 21:55:17.124 INFO [ContainerBackgroundProcessor[StandardEngine[Catalina]]] org.apache.catalina.startup.HostConfig.reload Reloading context [/Project_Block5_prj301]
23-Aug-2022 21:55:17.124 INFO [ContainerBackgroundProcessor[StandardEngine[Catalina]]] org.apache.catalina.core.StandardContext.reload Reloading Context with name [/Project_Block5_prj301] has started
23-Aug-2022 21:55:17.484 INFO [ContainerBackgroundProcessor[StandardEngine[Catalina]]] org.apache.jasper.servlet.TldScanner.scanJars At least one JAR was scanned for TLDs yet contained no TLDs. Enable debug logging for this logger for a complete list of JARs that were scanned but no TLDs were found in them. Skipping unneeded JARs during scanning can improve startup time and JSP compilation time.
23-Aug-2022 21:55:17.492 INFO [ContainerBackgroundProcessor[StandardEngine[Catalina]]] org.apache.catalina.core.StandardContext.reload Reloading Context with name [/Project_Block5_prj301] is completed
23-Aug-2022 21:56:23.339 INFO [http-nio-8080-exec-14] org.apache.catalina.core.StandardContext.reload Reloading Context with name [/Project_Block5_prj301] has started
23-Aug-2022 21:56:23.511 INFO [http-nio-8080-exec-14] org.apache.jasper.servlet.TldScanner.scanJars At least one JAR was scanned for TLDs yet contained no TLDs. Enable debug logging for this logger for a complete list of JARs that were scanned but no TLDs were found in them. Skipping unneeded JARs during scanning can improve startup time and JSP compilation time.
23-Aug-2022 21:56:23.512 INFO [http-nio-8080-exec-14] org.apache.catalina.core.StandardContext.reload Reloading Context with name [/Project_Block5_prj301] is completed
23-Aug-2022 21:56:30.238 INFO [http-nio-8080-exec-7] org.apache.catalina.core.StandardContext.reload Reloading Context with name [/Project_Block5_prj301] has started
23-Aug-2022 21:56:30.612 INFO [http-nio-8080-exec-7] org.apache.jasper.servlet.TldScanner.scanJars At least one JAR was scanned for TLDs yet contained no TLDs. Enable debug logging for this logger for a complete list of JARs that were scanned but no TLDs were found in them. Skipping unneeded JARs during scanning can improve startup time and JSP compilation time.
23-Aug-2022 21:56:30.620 INFO [http-nio-8080-exec-7] org.apache.catalina.core.StandardContext.reload Reloading Context with name [/Project_Block5_prj301] is completed
23-Aug-2022 21:56:43.158 INFO [http-nio-8080-exec-14] org.apache.catalina.core.StandardContext.reload Reloading Context with name [/Project_Block5_prj301] has started
23-Aug-2022 21:56:43.630 INFO [http-nio-8080-exec-14] org.apache.jasper.servlet.TldScanner.scanJars At least one JAR was scanned for TLDs yet contained no TLDs. Enable debug logging for this logger for a complete list of JARs that were scanned but no TLDs were found in them. Skipping unneeded JARs during scanning can improve startup time and JSP compilation time.
23-Aug-2022 21:56:43.638 INFO [http-nio-8080-exec-14] org.apache.catalina.core.StandardContext.reload Reloading Context with name [/Project_Block5_prj301] is completed
23-Aug-2022 21:57:12.359 INFO [http-nio-8080-exec-1] org.apache.catalina.startup.HostConfig.undeploy Undeploying context [/Project_Block5_prj301]
23-Aug-2022 21:57:12.367 INFO [http-nio-8080-exec-19] org.apache.catalina.startup.HostConfig.deployDescriptor Deploying deployment descriptor [C:\Users\win\Desktop\Tool\apache-tomcat-8.5.82\conf\Catalina\localhost\Project_Block5_prj301.xml]
23-Aug-2022 21:57:12.786 INFO [http-nio-8080-exec-19] org.apache.jasper.servlet.TldScanner.scanJars At least one JAR was scanned for TLDs yet contained no TLDs. Enable debug logging for this logger for a complete list of JARs that were scanned but no TLDs were found in them. Skipping unneeded JARs during scanning can improve startup time and JSP compilation time.
23-Aug-2022 21:57:12.795 INFO [http-nio-8080-exec-19] org.apache.catalina.startup.HostConfig.deployDescriptor Deployment of deployment descriptor [C:\Users\win\Desktop\Tool\apache-tomcat-8.5.82\conf\Catalina\localhost\Project_Block5_prj301.xml] has finished in [428] ms
23-Aug-2022 21:58:52.202 INFO [main] org.apache.catalina.core.StandardServer.await A valid shutdown command was received via the shutdown port. Stopping the Server instance.
23-Aug-2022 21:58:52.202 INFO [main] org.apache.coyote.AbstractProtocol.pause Pausing ProtocolHandler ["http-nio-8080"]
23-Aug-2022 21:58:52.348 INFO [main] org.apache.catalina.core.StandardService.stopInternal Stopping service [Catalina]
23-Aug-2022 21:58:52.372 INFO [main] org.apache.coyote.AbstractProtocol.stop Stopping ProtocolHandler ["http-nio-8080"]
23-Aug-2022 21:58:52.378 INFO [main] org.apache.coyote.AbstractProtocol.destroy Destroying ProtocolHandler ["http-nio-8080"]
