07-Sep-2022 22:30:48.134 INFO [main] org.apache.catalina.startup.VersionLoggerListener.log Server version name:   Apache Tomcat/8.5.82
07-Sep-2022 22:30:48.150 INFO [main] org.apache.catalina.startup.VersionLoggerListener.log Server built:          Aug 8 2022 21:26:07 UTC
07-Sep-2022 22:30:48.150 INFO [main] org.apache.catalina.startup.VersionLoggerListener.log Server version number: 8.5.82.0
07-Sep-2022 22:30:48.150 INFO [main] org.apache.catalina.startup.VersionLoggerListener.log OS Name:               Windows 10
07-Sep-2022 22:30:48.150 INFO [main] org.apache.catalina.startup.VersionLoggerListener.log OS Version:            10.0
07-Sep-2022 22:30:48.150 INFO [main] org.apache.catalina.startup.VersionLoggerListener.log Architecture:          amd64
07-Sep-2022 22:30:48.150 INFO [main] org.apache.catalina.startup.VersionLoggerListener.log Java Home:             C:\Program Files\Java\jdk1.8.0_321\jre
07-Sep-2022 22:30:48.150 INFO [main] org.apache.catalina.startup.VersionLoggerListener.log JVM Version:           1.8.0_321-b07
07-Sep-2022 22:30:48.150 INFO [main] org.apache.catalina.startup.VersionLoggerListener.log JVM Vendor:            Oracle Corporation
07-Sep-2022 22:30:48.150 INFO [main] org.apache.catalina.startup.VersionLoggerListener.log CATALINA_BASE:         C:\Users\win\Desktop\Tool\apache-tomcat-8.5.82
07-Sep-2022 22:30:48.150 INFO [main] org.apache.catalina.startup.VersionLoggerListener.log CATALINA_HOME:         C:\Users\win\Desktop\Tool\apache-tomcat-8.5.82
07-Sep-2022 22:30:48.150 INFO [main] org.apache.catalina.startup.VersionLoggerListener.log Command line argument: -Djava.util.logging.config.file=C:\Users\win\Desktop\Tool\apache-tomcat-8.5.82\conf\logging.properties
07-Sep-2022 22:30:48.150 INFO [main] org.apache.catalina.startup.VersionLoggerListener.log Command line argument: -Djava.util.logging.manager=org.apache.juli.ClassLoaderLogManager
07-Sep-2022 22:30:48.150 INFO [main] org.apache.catalina.startup.VersionLoggerListener.log Command line argument: -Dhttp.nonProxyHosts=localhost|127.0.0.1|DESKTOP-AN6C4VB
07-Sep-2022 22:30:48.150 INFO [main] org.apache.catalina.startup.VersionLoggerListener.log Command line argument: -Djdk.tls.ephemeralDHKeySize=2048
07-Sep-2022 22:30:48.150 INFO [main] org.apache.catalina.startup.VersionLoggerListener.log Command line argument: -Djava.protocol.handler.pkgs=org.apache.catalina.webresources
07-Sep-2022 22:30:48.150 INFO [main] org.apache.catalina.startup.VersionLoggerListener.log Command line argument: -Dignore.endorsed.dirs=
07-Sep-2022 22:30:48.150 INFO [main] org.apache.catalina.startup.VersionLoggerListener.log Command line argument: -Dcatalina.base=C:\Users\win\Desktop\Tool\apache-tomcat-8.5.82
07-Sep-2022 22:30:48.150 INFO [main] org.apache.catalina.startup.VersionLoggerListener.log Command line argument: -Dcatalina.home=C:\Users\win\Desktop\Tool\apache-tomcat-8.5.82
07-Sep-2022 22:30:48.150 INFO [main] org.apache.catalina.startup.VersionLoggerListener.log Command line argument: -Djava.io.tmpdir=C:\Users\win\Desktop\Tool\apache-tomcat-8.5.82\temp
07-Sep-2022 22:30:48.150 INFO [main] org.apache.catalina.core.AprLifecycleListener.lifecycleEvent Loaded Apache Tomcat Native library [1.2.35] using APR version [1.7.0].
07-Sep-2022 22:30:48.150 INFO [main] org.apache.catalina.core.AprLifecycleListener.lifecycleEvent APR capabilities: IPv6 [true], sendfile [true], accept filters [false], random [true], UDS [{4}].
07-Sep-2022 22:30:48.150 INFO [main] org.apache.catalina.core.AprLifecycleListener.lifecycleEvent APR/OpenSSL configuration: useAprConnector [false], useOpenSSL [true]
07-Sep-2022 22:30:48.166 INFO [main] org.apache.catalina.core.AprLifecycleListener.initializeSSL OpenSSL successfully initialized [OpenSSL 1.1.1q  5 Jul 2022]
07-Sep-2022 22:30:57.266 INFO [main] org.apache.coyote.AbstractProtocol.init Initializing ProtocolHandler ["http-nio-8080"]
07-Sep-2022 22:30:57.298 INFO [main] org.apache.catalina.startup.Catalina.load Initialization processed in 9555 ms
07-Sep-2022 22:30:57.360 INFO [main] org.apache.catalina.core.StandardService.startInternal Starting service [Catalina]
07-Sep-2022 22:30:57.360 INFO [main] org.apache.catalina.core.StandardEngine.startInternal Starting Servlet engine: [Apache Tomcat/8.5.82]
07-Sep-2022 22:30:57.360 INFO [localhost-startStop-1] org.apache.catalina.startup.HostConfig.deployDescriptor Deploying deployment descriptor [C:\Users\win\Desktop\Tool\apache-tomcat-8.5.82\conf\Catalina\localhost\LapTop.xml]
07-Sep-2022 22:30:57.974 INFO [localhost-startStop-1] org.apache.jasper.servlet.TldScanner.scanJars At least one JAR was scanned for TLDs yet contained no TLDs. Enable debug logging for this logger for a complete list of JARs that were scanned but no TLDs were found in them. Skipping unneeded JARs during scanning can improve startup time and JSP compilation time.
07-Sep-2022 22:30:58.146 WARNING [localhost-startStop-1] org.apache.catalina.util.SessionIdGeneratorBase.createSecureRandom Creation of SecureRandom instance for session ID generation using [SHA1PRNG] took [140] milliseconds.
07-Sep-2022 22:30:58.178 INFO [localhost-startStop-1] org.apache.catalina.startup.HostConfig.deployDescriptor Deployment of deployment descriptor [C:\Users\win\Desktop\Tool\apache-tomcat-8.5.82\conf\Catalina\localhost\LapTop.xml] has finished in [818] ms
07-Sep-2022 22:30:58.178 INFO [localhost-startStop-1] org.apache.catalina.startup.HostConfig.deployDescriptor Deploying deployment descriptor [C:\Users\win\Desktop\Tool\apache-tomcat-8.5.82\conf\Catalina\localhost\ProjectManageFootball.xml]
07-Sep-2022 22:31:00.150 INFO [localhost-startStop-1] org.apache.jasper.servlet.TldScanner.scanJars At least one JAR was scanned for TLDs yet contained no TLDs. Enable debug logging for this logger for a complete list of JARs that were scanned but no TLDs were found in them. Skipping unneeded JARs during scanning can improve startup time and JSP compilation time.
07-Sep-2022 22:31:00.165 INFO [localhost-startStop-1] org.apache.catalina.startup.HostConfig.deployDescriptor Deployment of deployment descriptor [C:\Users\win\Desktop\Tool\apache-tomcat-8.5.82\conf\Catalina\localhost\ProjectManageFootball.xml] has finished in [1,987] ms
07-Sep-2022 22:31:00.165 INFO [localhost-startStop-1] org.apache.catalina.startup.HostConfig.deployDescriptor Deploying deployment descriptor [C:\Users\win\Desktop\Tool\apache-tomcat-8.5.82\conf\Catalina\localhost\Project_Block5_prj301.xml]
07-Sep-2022 22:31:00.697 INFO [localhost-startStop-1] org.apache.jasper.servlet.TldScanner.scanJars At least one JAR was scanned for TLDs yet contained no TLDs. Enable debug logging for this logger for a complete list of JARs that were scanned but no TLDs were found in them. Skipping unneeded JARs during scanning can improve startup time and JSP compilation time.
07-Sep-2022 22:31:00.712 INFO [localhost-startStop-1] org.apache.catalina.startup.HostConfig.deployDescriptor Deployment of deployment descriptor [C:\Users\win\Desktop\Tool\apache-tomcat-8.5.82\conf\Catalina\localhost\Project_Block5_prj301.xml] has finished in [547] ms
07-Sep-2022 22:31:00.712 INFO [localhost-startStop-1] org.apache.catalina.startup.HostConfig.deployDirectory Deploying web application directory [C:\Users\win\Desktop\Tool\apache-tomcat-8.5.82\webapps\docs]
07-Sep-2022 22:31:00.728 INFO [localhost-startStop-1] org.apache.catalina.startup.HostConfig.deployDirectory Deployment of web application directory [C:\Users\win\Desktop\Tool\apache-tomcat-8.5.82\webapps\docs] has finished in [16] ms
07-Sep-2022 22:31:00.728 INFO [localhost-startStop-1] org.apache.catalina.startup.HostConfig.deployDirectory Deploying web application directory [C:\Users\win\Desktop\Tool\apache-tomcat-8.5.82\webapps\examples]
07-Sep-2022 22:31:01.118 INFO [localhost-startStop-1] org.apache.catalina.startup.HostConfig.deployDirectory Deployment of web application directory [C:\Users\win\Desktop\Tool\apache-tomcat-8.5.82\webapps\examples] has finished in [390] ms
07-Sep-2022 22:31:01.118 INFO [localhost-startStop-1] org.apache.catalina.startup.HostConfig.deployDirectory Deploying web application directory [C:\Users\win\Desktop\Tool\apache-tomcat-8.5.82\webapps\host-manager]
07-Sep-2022 22:31:01.134 INFO [localhost-startStop-1] org.apache.catalina.startup.HostConfig.deployDirectory Deployment of web application directory [C:\Users\win\Desktop\Tool\apache-tomcat-8.5.82\webapps\host-manager] has finished in [16] ms
07-Sep-2022 22:31:01.134 INFO [localhost-startStop-1] org.apache.catalina.startup.HostConfig.deployDirectory Deploying web application directory [C:\Users\win\Desktop\Tool\apache-tomcat-8.5.82\webapps\manager]
07-Sep-2022 22:31:01.150 INFO [localhost-startStop-1] org.apache.catalina.startup.HostConfig.deployDirectory Deployment of web application directory [C:\Users\win\Desktop\Tool\apache-tomcat-8.5.82\webapps\manager] has finished in [16] ms
07-Sep-2022 22:31:01.150 INFO [localhost-startStop-1] org.apache.catalina.startup.HostConfig.deployDirectory Deploying web application directory [C:\Users\win\Desktop\Tool\apache-tomcat-8.5.82\webapps\ROOT]
07-Sep-2022 22:31:01.181 INFO [localhost-startStop-1] org.apache.catalina.startup.HostConfig.deployDirectory Deployment of web application directory [C:\Users\win\Desktop\Tool\apache-tomcat-8.5.82\webapps\ROOT] has finished in [31] ms
07-Sep-2022 22:31:01.196 INFO [main] org.apache.coyote.AbstractProtocol.start Starting ProtocolHandler ["http-nio-8080"]
07-Sep-2022 22:31:01.212 INFO [main] org.apache.catalina.startup.Catalina.start Server startup in 3915 ms
07-Sep-2022 22:31:16.753 INFO [main] org.apache.catalina.core.StandardServer.await A valid shutdown command was received via the shutdown port. Stopping the Server instance.
07-Sep-2022 22:31:16.753 INFO [main] org.apache.coyote.AbstractProtocol.pause Pausing ProtocolHandler ["http-nio-8080"]
07-Sep-2022 22:31:16.892 INFO [main] org.apache.catalina.core.StandardService.stopInternal Stopping service [Catalina]
07-Sep-2022 22:31:16.940 WARNING [localhost-startStop-2] org.apache.catalina.loader.WebappClassLoaderBase.clearReferencesJdbc The web application [ProjectManageFootball] registered the JDBC driver [com.microsoft.sqlserver.jdbc.SQLServerDriver] but failed to unregister it when the web application was stopped. To prevent a memory leak, the JDBC Driver has been forcibly unregistered.
07-Sep-2022 22:31:16.956 SEVERE [localhost-startStop-2] org.apache.catalina.loader.WebappClassLoaderBase.checkThreadLocalMapForLeaks The web application [ProjectManageFootball] created a ThreadLocal with key of type [com.microsoft.sqlserver.jdbc.ActivityCorrelator$1] (value [com.microsoft.sqlserver.jdbc.ActivityCorrelator$1@1efa2ab3]) and a value of type [com.microsoft.sqlserver.jdbc.ActivityId] (value [4159f54f-2703-4714-9324-30e302d28287-1]) but failed to remove it when the web application was stopped. Threads are going to be renewed over time to try and avoid a probable memory leak.
07-Sep-2022 22:31:16.956 INFO [main] org.apache.coyote.AbstractProtocol.stop Stopping ProtocolHandler ["http-nio-8080"]
07-Sep-2022 22:31:16.972 INFO [main] org.apache.coyote.AbstractProtocol.destroy Destroying ProtocolHandler ["http-nio-8080"]
07-Sep-2022 22:47:13.583 INFO [main] org.apache.catalina.startup.VersionLoggerListener.log Server version name:   Apache Tomcat/8.5.82
07-Sep-2022 22:47:13.586 INFO [main] org.apache.catalina.startup.VersionLoggerListener.log Server built:          Aug 8 2022 21:26:07 UTC
07-Sep-2022 22:47:13.591 INFO [main] org.apache.catalina.startup.VersionLoggerListener.log Server version number: 8.5.82.0
07-Sep-2022 22:47:13.591 INFO [main] org.apache.catalina.startup.VersionLoggerListener.log OS Name:               Windows 10
07-Sep-2022 22:47:13.591 INFO [main] org.apache.catalina.startup.VersionLoggerListener.log OS Version:            10.0
07-Sep-2022 22:47:13.591 INFO [main] org.apache.catalina.startup.VersionLoggerListener.log Architecture:          amd64
07-Sep-2022 22:47:13.592 INFO [main] org.apache.catalina.startup.VersionLoggerListener.log Java Home:             C:\Program Files\Java\jdk1.8.0_321\jre
07-Sep-2022 22:47:13.592 INFO [main] org.apache.catalina.startup.VersionLoggerListener.log JVM Version:           1.8.0_321-b07
07-Sep-2022 22:47:13.592 INFO [main] org.apache.catalina.startup.VersionLoggerListener.log JVM Vendor:            Oracle Corporation
07-Sep-2022 22:47:13.592 INFO [main] org.apache.catalina.startup.VersionLoggerListener.log CATALINA_BASE:         C:\Users\win\Desktop\Tool\apache-tomcat-8.5.82
07-Sep-2022 22:47:13.592 INFO [main] org.apache.catalina.startup.VersionLoggerListener.log CATALINA_HOME:         C:\Users\win\Desktop\Tool\apache-tomcat-8.5.82
07-Sep-2022 22:47:13.592 INFO [main] org.apache.catalina.startup.VersionLoggerListener.log Command line argument: -Djava.util.logging.config.file=C:\Users\win\Desktop\Tool\apache-tomcat-8.5.82\conf\logging.properties
07-Sep-2022 22:47:13.592 INFO [main] org.apache.catalina.startup.VersionLoggerListener.log Command line argument: -Djava.util.logging.manager=org.apache.juli.ClassLoaderLogManager
07-Sep-2022 22:47:13.592 INFO [main] org.apache.catalina.startup.VersionLoggerListener.log Command line argument: -Dhttp.nonProxyHosts=localhost|127.0.0.1|DESKTOP-AN6C4VB
07-Sep-2022 22:47:13.592 INFO [main] org.apache.catalina.startup.VersionLoggerListener.log Command line argument: -Djdk.tls.ephemeralDHKeySize=2048
07-Sep-2022 22:47:13.592 INFO [main] org.apache.catalina.startup.VersionLoggerListener.log Command line argument: -Djava.protocol.handler.pkgs=org.apache.catalina.webresources
07-Sep-2022 22:47:13.592 INFO [main] org.apache.catalina.startup.VersionLoggerListener.log Command line argument: -Dignore.endorsed.dirs=
07-Sep-2022 22:47:13.592 INFO [main] org.apache.catalina.startup.VersionLoggerListener.log Command line argument: -Dcatalina.base=C:\Users\win\Desktop\Tool\apache-tomcat-8.5.82
07-Sep-2022 22:47:13.592 INFO [main] org.apache.catalina.startup.VersionLoggerListener.log Command line argument: -Dcatalina.home=C:\Users\win\Desktop\Tool\apache-tomcat-8.5.82
07-Sep-2022 22:47:13.593 INFO [main] org.apache.catalina.startup.VersionLoggerListener.log Command line argument: -Djava.io.tmpdir=C:\Users\win\Desktop\Tool\apache-tomcat-8.5.82\temp
07-Sep-2022 22:47:13.593 INFO [main] org.apache.catalina.core.AprLifecycleListener.lifecycleEvent Loaded Apache Tomcat Native library [1.2.35] using APR version [1.7.0].
07-Sep-2022 22:47:13.593 INFO [main] org.apache.catalina.core.AprLifecycleListener.lifecycleEvent APR capabilities: IPv6 [true], sendfile [true], accept filters [false], random [true], UDS [{4}].
07-Sep-2022 22:47:13.593 INFO [main] org.apache.catalina.core.AprLifecycleListener.lifecycleEvent APR/OpenSSL configuration: useAprConnector [false], useOpenSSL [true]
07-Sep-2022 22:47:13.597 INFO [main] org.apache.catalina.core.AprLifecycleListener.initializeSSL OpenSSL successfully initialized [OpenSSL 1.1.1q  5 Jul 2022]
07-Sep-2022 22:47:13.734 INFO [main] org.apache.coyote.AbstractProtocol.init Initializing ProtocolHandler ["http-nio-8080"]
07-Sep-2022 22:47:13.760 INFO [main] org.apache.catalina.startup.Catalina.load Initialization processed in 526 ms
07-Sep-2022 22:47:13.826 INFO [main] org.apache.catalina.core.StandardService.startInternal Starting service [Catalina]
07-Sep-2022 22:47:13.826 INFO [main] org.apache.catalina.core.StandardEngine.startInternal Starting Servlet engine: [Apache Tomcat/8.5.82]
07-Sep-2022 22:47:13.902 SEVERE [Catalina-startStop-1] org.apache.catalina.valves.AccessLogValve.open Failed to open access log file [C:\Users\win\Desktop\Tool\apache-tomcat-8.5.82\logs\localhost_access_log.2022-09-07.txt] Note: running as user [win]
	java.io.FileNotFoundException: C:\Users\win\Desktop\Tool\apache-tomcat-8.5.82\logs\localhost_access_log.2022-09-07.txt (Access is denied)
		at java.io.FileOutputStream.open0(Native Method)
		at java.io.FileOutputStream.open(FileOutputStream.java:270)
		at java.io.FileOutputStream.<init>(FileOutputStream.java:213)
		at org.apache.catalina.valves.AccessLogValve.open(AccessLogValve.java:651)
		at org.apache.catalina.valves.AccessLogValve.startInternal(AccessLogValve.java:685)
		at org.apache.catalina.util.LifecycleBase.start(LifecycleBase.java:183)
		at org.apache.catalina.core.StandardPipeline.startInternal(StandardPipeline.java:175)
		at org.apache.catalina.util.LifecycleBase.start(LifecycleBase.java:183)
		at org.apache.catalina.core.ContainerBase.startInternal(ContainerBase.java:959)
		at org.apache.catalina.core.StandardHost.startInternal(StandardHost.java:833)
		at org.apache.catalina.util.LifecycleBase.start(LifecycleBase.java:183)
		at org.apache.catalina.core.ContainerBase$StartChild.call(ContainerBase.java:1427)
		at org.apache.catalina.core.ContainerBase$StartChild.call(ContainerBase.java:1417)
		at java.util.concurrent.FutureTask.run(FutureTask.java:266)
		at java.util.concurrent.ThreadPoolExecutor.runWorker(ThreadPoolExecutor.java:1149)
		at java.util.concurrent.ThreadPoolExecutor$Worker.run(ThreadPoolExecutor.java:624)
		at java.lang.Thread.run(Thread.java:750)
07-Sep-2022 22:47:13.904 INFO [localhost-startStop-1] org.apache.catalina.startup.HostConfig.deployDescriptor Deploying deployment descriptor [C:\Users\win\Desktop\Tool\apache-tomcat-8.5.82\conf\Catalina\localhost\LapTop.xml]
07-Sep-2022 22:47:14.542 INFO [localhost-startStop-1] org.apache.jasper.servlet.TldScanner.scanJars At least one JAR was scanned for TLDs yet contained no TLDs. Enable debug logging for this logger for a complete list of JARs that were scanned but no TLDs were found in them. Skipping unneeded JARs during scanning can improve startup time and JSP compilation time.
07-Sep-2022 22:47:14.753 WARNING [localhost-startStop-1] org.apache.catalina.util.SessionIdGeneratorBase.createSecureRandom Creation of SecureRandom instance for session ID generation using [SHA1PRNG] took [170] milliseconds.
07-Sep-2022 22:47:14.776 INFO [localhost-startStop-1] org.apache.catalina.startup.HostConfig.deployDescriptor Deployment of deployment descriptor [C:\Users\win\Desktop\Tool\apache-tomcat-8.5.82\conf\Catalina\localhost\LapTop.xml] has finished in [872] ms
07-Sep-2022 22:47:14.776 INFO [localhost-startStop-1] org.apache.catalina.startup.HostConfig.deployDescriptor Deploying deployment descriptor [C:\Users\win\Desktop\Tool\apache-tomcat-8.5.82\conf\Catalina\localhost\ProjectManageFootball.xml]
07-Sep-2022 22:47:15.421 INFO [localhost-startStop-1] org.apache.jasper.servlet.TldScanner.scanJars At least one JAR was scanned for TLDs yet contained no TLDs. Enable debug logging for this logger for a complete list of JARs that were scanned but no TLDs were found in them. Skipping unneeded JARs during scanning can improve startup time and JSP compilation time.
07-Sep-2022 22:47:15.439 INFO [localhost-startStop-1] org.apache.catalina.startup.HostConfig.deployDescriptor Deployment of deployment descriptor [C:\Users\win\Desktop\Tool\apache-tomcat-8.5.82\conf\Catalina\localhost\ProjectManageFootball.xml] has finished in [663] ms
07-Sep-2022 22:47:15.440 INFO [localhost-startStop-1] org.apache.catalina.startup.HostConfig.deployDescriptor Deploying deployment descriptor [C:\Users\win\Desktop\Tool\apache-tomcat-8.5.82\conf\Catalina\localhost\Project_Block5_prj301.xml]
07-Sep-2022 22:47:16.008 INFO [localhost-startStop-1] org.apache.jasper.servlet.TldScanner.scanJars At least one JAR was scanned for TLDs yet contained no TLDs. Enable debug logging for this logger for a complete list of JARs that were scanned but no TLDs were found in them. Skipping unneeded JARs during scanning can improve startup time and JSP compilation time.
07-Sep-2022 22:47:16.021 INFO [localhost-startStop-1] org.apache.catalina.startup.HostConfig.deployDescriptor Deployment of deployment descriptor [C:\Users\win\Desktop\Tool\apache-tomcat-8.5.82\conf\Catalina\localhost\Project_Block5_prj301.xml] has finished in [582] ms
07-Sep-2022 22:47:16.022 INFO [localhost-startStop-1] org.apache.catalina.startup.HostConfig.deployDirectory Deploying web application directory [C:\Users\win\Desktop\Tool\apache-tomcat-8.5.82\webapps\docs]
07-Sep-2022 22:47:16.046 INFO [localhost-startStop-1] org.apache.catalina.startup.HostConfig.deployDirectory Deployment of web application directory [C:\Users\win\Desktop\Tool\apache-tomcat-8.5.82\webapps\docs] has finished in [24] ms
07-Sep-2022 22:47:16.046 INFO [localhost-startStop-1] org.apache.catalina.startup.HostConfig.deployDirectory Deploying web application directory [C:\Users\win\Desktop\Tool\apache-tomcat-8.5.82\webapps\examples]
07-Sep-2022 22:47:16.316 INFO [localhost-startStop-1] org.apache.catalina.startup.HostConfig.deployDirectory Deployment of web application directory [C:\Users\win\Desktop\Tool\apache-tomcat-8.5.82\webapps\examples] has finished in [270] ms
07-Sep-2022 22:47:16.316 INFO [localhost-startStop-1] org.apache.catalina.startup.HostConfig.deployDirectory Deploying web application directory [C:\Users\win\Desktop\Tool\apache-tomcat-8.5.82\webapps\host-manager]
07-Sep-2022 22:47:16.341 INFO [localhost-startStop-1] org.apache.catalina.startup.HostConfig.deployDirectory Deployment of web application directory [C:\Users\win\Desktop\Tool\apache-tomcat-8.5.82\webapps\host-manager] has finished in [25] ms
07-Sep-2022 22:47:16.341 INFO [localhost-startStop-1] org.apache.catalina.startup.HostConfig.deployDirectory Deploying web application directory [C:\Users\win\Desktop\Tool\apache-tomcat-8.5.82\webapps\manager]
07-Sep-2022 22:47:16.363 INFO [localhost-startStop-1] org.apache.catalina.startup.HostConfig.deployDirectory Deployment of web application directory [C:\Users\win\Desktop\Tool\apache-tomcat-8.5.82\webapps\manager] has finished in [22] ms
07-Sep-2022 22:47:16.363 INFO [localhost-startStop-1] org.apache.catalina.startup.HostConfig.deployDirectory Deploying web application directory [C:\Users\win\Desktop\Tool\apache-tomcat-8.5.82\webapps\ROOT]
07-Sep-2022 22:47:16.389 INFO [localhost-startStop-1] org.apache.catalina.startup.HostConfig.deployDirectory Deployment of web application directory [C:\Users\win\Desktop\Tool\apache-tomcat-8.5.82\webapps\ROOT] has finished in [25] ms
07-Sep-2022 22:47:16.392 INFO [main] org.apache.coyote.AbstractProtocol.start Starting ProtocolHandler ["http-nio-8080"]
07-Sep-2022 22:47:16.406 INFO [main] org.apache.catalina.startup.Catalina.start Server startup in 2645 ms
07-Sep-2022 22:47:17.552 INFO [http-nio-8080-exec-7] org.apache.catalina.core.StandardContext.reload Reloading Context with name [/ProjectManageFootball] has started
07-Sep-2022 22:47:18.160 INFO [http-nio-8080-exec-7] org.apache.jasper.servlet.TldScanner.scanJars At least one JAR was scanned for TLDs yet contained no TLDs. Enable debug logging for this logger for a complete list of JARs that were scanned but no TLDs were found in them. Skipping unneeded JARs during scanning can improve startup time and JSP compilation time.
07-Sep-2022 22:47:18.176 INFO [http-nio-8080-exec-7] org.apache.catalina.core.StandardContext.reload Reloading Context with name [/ProjectManageFootball] is completed
07-Sep-2022 22:57:47.289 INFO [http-nio-8080-exec-12] org.apache.catalina.core.StandardContext.reload Reloading Context with name [/ProjectManageFootball] has started
07-Sep-2022 22:57:47.302 WARNING [http-nio-8080-exec-12] org.apache.catalina.loader.WebappClassLoaderBase.clearReferencesJdbc The web application [ProjectManageFootball] registered the JDBC driver [com.microsoft.sqlserver.jdbc.SQLServerDriver] but failed to unregister it when the web application was stopped. To prevent a memory leak, the JDBC Driver has been forcibly unregistered.
07-Sep-2022 22:57:47.303 SEVERE [http-nio-8080-exec-12] org.apache.catalina.loader.WebappClassLoaderBase.checkThreadLocalMapForLeaks The web application [ProjectManageFootball] created a ThreadLocal with key of type [com.microsoft.sqlserver.jdbc.ActivityCorrelator$1] (value [com.microsoft.sqlserver.jdbc.ActivityCorrelator$1@7487aeb1]) and a value of type [com.microsoft.sqlserver.jdbc.ActivityId] (value [004ed96f-a307-4470-84c4-1bf858c62d51-1]) but failed to remove it when the web application was stopped. Threads are going to be renewed over time to try and avoid a probable memory leak.
07-Sep-2022 22:57:47.303 SEVERE [http-nio-8080-exec-12] org.apache.catalina.loader.WebappClassLoaderBase.checkThreadLocalMapForLeaks The web application [ProjectManageFootball] created a ThreadLocal with key of type [com.microsoft.sqlserver.jdbc.ActivityCorrelator$1] (value [com.microsoft.sqlserver.jdbc.ActivityCorrelator$1@7487aeb1]) and a value of type [com.microsoft.sqlserver.jdbc.ActivityId] (value [1b90d718-694f-413f-9b57-51d008495baa-1]) but failed to remove it when the web application was stopped. Threads are going to be renewed over time to try and avoid a probable memory leak.
07-Sep-2022 22:57:47.303 SEVERE [http-nio-8080-exec-12] org.apache.catalina.loader.WebappClassLoaderBase.checkThreadLocalMapForLeaks The web application [ProjectManageFootball] created a ThreadLocal with key of type [com.microsoft.sqlserver.jdbc.ActivityCorrelator$1] (value [com.microsoft.sqlserver.jdbc.ActivityCorrelator$1@7487aeb1]) and a value of type [com.microsoft.sqlserver.jdbc.ActivityId] (value [775a5621-b78b-4049-9a79-1b46fb71c0ac-2]) but failed to remove it when the web application was stopped. Threads are going to be renewed over time to try and avoid a probable memory leak.
07-Sep-2022 22:57:47.303 SEVERE [http-nio-8080-exec-12] org.apache.catalina.loader.WebappClassLoaderBase.checkThreadLocalMapForLeaks The web application [ProjectManageFootball] created a ThreadLocal with key of type [com.microsoft.sqlserver.jdbc.ActivityCorrelator$1] (value [com.microsoft.sqlserver.jdbc.ActivityCorrelator$1@7487aeb1]) and a value of type [com.microsoft.sqlserver.jdbc.ActivityId] (value [81524e3f-d815-4171-8f22-c5bb99d83d48-5]) but failed to remove it when the web application was stopped. Threads are going to be renewed over time to try and avoid a probable memory leak.
07-Sep-2022 22:57:47.787 INFO [http-nio-8080-exec-12] org.apache.jasper.servlet.TldScanner.scanJars At least one JAR was scanned for TLDs yet contained no TLDs. Enable debug logging for this logger for a complete list of JARs that were scanned but no TLDs were found in them. Skipping unneeded JARs during scanning can improve startup time and JSP compilation time.
07-Sep-2022 22:57:47.801 INFO [http-nio-8080-exec-12] org.apache.catalina.core.StandardContext.reload Reloading Context with name [/ProjectManageFootball] is completed
07-Sep-2022 23:12:42.094 INFO [main] org.apache.catalina.core.StandardServer.await A valid shutdown command was received via the shutdown port. Stopping the Server instance.
07-Sep-2022 23:12:42.094 INFO [main] org.apache.coyote.AbstractProtocol.pause Pausing ProtocolHandler ["http-nio-8080"]
07-Sep-2022 23:12:42.297 INFO [main] org.apache.catalina.core.StandardService.stopInternal Stopping service [Catalina]
07-Sep-2022 23:12:42.331 INFO [main] org.apache.coyote.AbstractProtocol.stop Stopping ProtocolHandler ["http-nio-8080"]
07-Sep-2022 23:12:42.346 INFO [main] org.apache.coyote.AbstractProtocol.destroy Destroying ProtocolHandler ["http-nio-8080"]
