09-Aug-2022 20:14:48.671 INFO [main] org.apache.catalina.startup.VersionLoggerListener.log Server version name:   Apache Tomcat/10.0.21
09-Aug-2022 20:14:48.673 INFO [main] org.apache.catalina.startup.VersionLoggerListener.log Server built:          May 10 2022 21:53:12 UTC
09-Aug-2022 20:14:48.673 INFO [main] org.apache.catalina.startup.VersionLoggerListener.log Server version number: 10.0.21.0
09-Aug-2022 20:14:48.673 INFO [main] org.apache.catalina.startup.VersionLoggerListener.log OS Name:               Windows 10
09-Aug-2022 20:14:48.673 INFO [main] org.apache.catalina.startup.VersionLoggerListener.log OS Version:            10.0
09-Aug-2022 20:14:48.673 INFO [main] org.apache.catalina.startup.VersionLoggerListener.log Architecture:          amd64
09-Aug-2022 20:14:48.673 INFO [main] org.apache.catalina.startup.VersionLoggerListener.log Java Home:             C:\Program Files\Java\jdk1.8.0_321\jre
09-Aug-2022 20:14:48.673 INFO [main] org.apache.catalina.startup.VersionLoggerListener.log JVM Version:           1.8.0_321-b07
09-Aug-2022 20:14:48.673 INFO [main] org.apache.catalina.startup.VersionLoggerListener.log JVM Vendor:            Oracle Corporation
09-Aug-2022 20:14:48.673 INFO [main] org.apache.catalina.startup.VersionLoggerListener.log CATALINA_BASE:         C:\Users\win\Desktop\Tool\apache-tomcat-10.0.21
09-Aug-2022 20:14:48.673 INFO [main] org.apache.catalina.startup.VersionLoggerListener.log CATALINA_HOME:         C:\Users\win\Desktop\Tool\apache-tomcat-10.0.21
09-Aug-2022 20:14:48.674 INFO [main] org.apache.catalina.startup.VersionLoggerListener.log Command line argument: -Djava.util.logging.config.file=C:\Users\win\Desktop\Tool\apache-tomcat-10.0.21\conf\logging.properties
09-Aug-2022 20:14:48.674 INFO [main] org.apache.catalina.startup.VersionLoggerListener.log Command line argument: -Djava.util.logging.manager=org.apache.juli.ClassLoaderLogManager
09-Aug-2022 20:14:48.675 INFO [main] org.apache.catalina.startup.VersionLoggerListener.log Command line argument: -Dhttp.nonProxyHosts=localhost|127.0.0.1|DESKTOP-AN6C4VB
09-Aug-2022 20:14:48.675 INFO [main] org.apache.catalina.startup.VersionLoggerListener.log Command line argument: -Djdk.tls.ephemeralDHKeySize=2048
09-Aug-2022 20:14:48.675 INFO [main] org.apache.catalina.startup.VersionLoggerListener.log Command line argument: -Djava.protocol.handler.pkgs=org.apache.catalina.webresources
09-Aug-2022 20:14:48.675 INFO [main] org.apache.catalina.startup.VersionLoggerListener.log Command line argument: -Dignore.endorsed.dirs=
09-Aug-2022 20:14:48.675 INFO [main] org.apache.catalina.startup.VersionLoggerListener.log Command line argument: -Dcatalina.base=C:\Users\win\Desktop\Tool\apache-tomcat-10.0.21
09-Aug-2022 20:14:48.675 INFO [main] org.apache.catalina.startup.VersionLoggerListener.log Command line argument: -Dcatalina.home=C:\Users\win\Desktop\Tool\apache-tomcat-10.0.21
09-Aug-2022 20:14:48.675 INFO [main] org.apache.catalina.startup.VersionLoggerListener.log Command line argument: -Djava.io.tmpdir=C:\Users\win\Desktop\Tool\apache-tomcat-10.0.21\temp
09-Aug-2022 20:14:48.693 INFO [main] org.apache.catalina.core.AprLifecycleListener.lifecycleEvent Loaded Apache Tomcat Native library [1.2.33] using APR version [1.7.0].
09-Aug-2022 20:14:48.693 INFO [main] org.apache.catalina.core.AprLifecycleListener.lifecycleEvent APR capabilities: IPv6 [true], sendfile [true], accept filters [false], random [true], UDS [true].
09-Aug-2022 20:14:48.703 INFO [main] org.apache.catalina.core.AprLifecycleListener.initializeSSL OpenSSL successfully initialized [OpenSSL 1.1.1o  3 May 2022]
09-Aug-2022 20:14:49.002 INFO [main] org.apache.coyote.AbstractProtocol.init Initializing ProtocolHandler ["http-nio-8080"]
09-Aug-2022 20:14:49.024 INFO [main] org.apache.catalina.startup.Catalina.load Server initialization in [527] milliseconds
09-Aug-2022 20:14:49.079 INFO [main] org.apache.catalina.core.StandardService.startInternal Starting service [Catalina]
09-Aug-2022 20:14:49.079 INFO [main] org.apache.catalina.core.StandardEngine.startInternal Starting Servlet engine: [Apache Tomcat/10.0.21]
09-Aug-2022 20:14:49.090 INFO [main] org.apache.catalina.startup.HostConfig.deployDescriptor Deploying deployment descriptor [C:\Users\win\Desktop\Tool\apache-tomcat-10.0.21\conf\Catalina\localhost\ATKD_Project#homepage.xml]
09-Aug-2022 20:14:49.108 WARNING [main] org.apache.catalina.startup.HostConfig.deployDescriptor The path attribute with value [/ATKD_Project/homepage] in deployment descriptor [C:\Users\win\Desktop\Tool\apache-tomcat-10.0.21\conf\Catalina\localhost\ATKD_Project#homepage.xml] has been ignored
09-Aug-2022 20:14:49.944 INFO [main] org.apache.jasper.servlet.TldScanner.scanJars At least one JAR was scanned for TLDs yet contained no TLDs. Enable debug logging for this logger for a complete list of JARs that were scanned but no TLDs were found in them. Skipping unneeded JARs during scanning can improve startup time and JSP compilation time.
09-Aug-2022 20:14:50.097 WARNING [main] org.apache.catalina.util.SessionIdGeneratorBase.createSecureRandom Creation of SecureRandom instance for session ID generation using [SHA1PRNG] took [116] milliseconds.
09-Aug-2022 20:14:50.111 INFO [main] org.apache.catalina.startup.HostConfig.deployDescriptor Deployment of deployment descriptor [C:\Users\win\Desktop\Tool\apache-tomcat-10.0.21\conf\Catalina\localhost\ATKD_Project#homepage.xml] has finished in [1,021] ms
09-Aug-2022 20:14:50.111 INFO [main] org.apache.catalina.startup.HostConfig.deployDescriptor Deploying deployment descriptor [C:\Users\win\Desktop\Tool\apache-tomcat-10.0.21\conf\Catalina\localhost\login.xml]
09-Aug-2022 20:14:50.112 WARNING [main] org.apache.catalina.startup.HostConfig.deployDescriptor The path attribute with value [/login] in deployment descriptor [C:\Users\win\Desktop\Tool\apache-tomcat-10.0.21\conf\Catalina\localhost\login.xml] has been ignored
09-Aug-2022 20:14:50.593 INFO [main] org.apache.jasper.servlet.TldScanner.scanJars At least one JAR was scanned for TLDs yet contained no TLDs. Enable debug logging for this logger for a complete list of JARs that were scanned but no TLDs were found in them. Skipping unneeded JARs during scanning can improve startup time and JSP compilation time.
09-Aug-2022 20:14:50.605 INFO [main] org.apache.catalina.startup.HostConfig.deployDescriptor Deployment of deployment descriptor [C:\Users\win\Desktop\Tool\apache-tomcat-10.0.21\conf\Catalina\localhost\login.xml] has finished in [494] ms
09-Aug-2022 20:14:50.606 INFO [main] org.apache.catalina.startup.HostConfig.deployDescriptor Deploying deployment descriptor [C:\Users\win\Desktop\Tool\apache-tomcat-10.0.21\conf\Catalina\localhost\WebApplication1.xml]
09-Aug-2022 20:14:50.606 WARNING [main] org.apache.catalina.startup.HostConfig.deployDescriptor The path attribute with value [/WebApplication1] in deployment descriptor [C:\Users\win\Desktop\Tool\apache-tomcat-10.0.21\conf\Catalina\localhost\WebApplication1.xml] has been ignored
09-Aug-2022 20:14:50.637 INFO [main] org.apache.catalina.startup.HostConfig.deployDescriptor Deployment of deployment descriptor [C:\Users\win\Desktop\Tool\apache-tomcat-10.0.21\conf\Catalina\localhost\WebApplication1.xml] has finished in [32] ms
09-Aug-2022 20:14:50.638 INFO [main] org.apache.catalina.startup.HostConfig.deployDirectory Deploying web application directory [C:\Users\win\Desktop\Tool\apache-tomcat-10.0.21\webapps\docs]
09-Aug-2022 20:14:50.665 INFO [main] org.apache.catalina.startup.HostConfig.deployDirectory Deployment of web application directory [C:\Users\win\Desktop\Tool\apache-tomcat-10.0.21\webapps\docs] has finished in [27] ms
09-Aug-2022 20:14:50.665 INFO [main] org.apache.catalina.startup.HostConfig.deployDirectory Deploying web application directory [C:\Users\win\Desktop\Tool\apache-tomcat-10.0.21\webapps\examples]
09-Aug-2022 20:14:50.953 INFO [main] org.apache.catalina.startup.HostConfig.deployDirectory Deployment of web application directory [C:\Users\win\Desktop\Tool\apache-tomcat-10.0.21\webapps\examples] has finished in [287] ms
09-Aug-2022 20:14:50.953 INFO [main] org.apache.catalina.startup.HostConfig.deployDirectory Deploying web application directory [C:\Users\win\Desktop\Tool\apache-tomcat-10.0.21\webapps\host-manager]
09-Aug-2022 20:14:50.990 INFO [main] org.apache.catalina.startup.HostConfig.deployDirectory Deployment of web application directory [C:\Users\win\Desktop\Tool\apache-tomcat-10.0.21\webapps\host-manager] has finished in [37] ms
09-Aug-2022 20:14:50.990 INFO [main] org.apache.catalina.startup.HostConfig.deployDirectory Deploying web application directory [C:\Users\win\Desktop\Tool\apache-tomcat-10.0.21\webapps\manager]
09-Aug-2022 20:14:51.018 INFO [main] org.apache.catalina.startup.HostConfig.deployDirectory Deployment of web application directory [C:\Users\win\Desktop\Tool\apache-tomcat-10.0.21\webapps\manager] has finished in [28] ms
09-Aug-2022 20:14:51.018 INFO [main] org.apache.catalina.startup.HostConfig.deployDirectory Deploying web application directory [C:\Users\win\Desktop\Tool\apache-tomcat-10.0.21\webapps\ROOT]
09-Aug-2022 20:14:51.043 INFO [main] org.apache.catalina.startup.HostConfig.deployDirectory Deployment of web application directory [C:\Users\win\Desktop\Tool\apache-tomcat-10.0.21\webapps\ROOT] has finished in [25] ms
09-Aug-2022 20:14:51.047 INFO [main] org.apache.coyote.AbstractProtocol.start Starting ProtocolHandler ["http-nio-8080"]
09-Aug-2022 20:14:51.076 INFO [main] org.apache.catalina.startup.Catalina.start Server startup in [2052] milliseconds
09-Aug-2022 20:27:46.145 INFO [http-nio-8080-exec-5] org.apache.catalina.startup.HostConfig.undeploy Undeploying context [/login]
09-Aug-2022 20:29:35.361 INFO [main] org.apache.catalina.core.StandardServer.await A valid shutdown command was received via the shutdown port. Stopping the Server instance.
09-Aug-2022 20:29:35.361 INFO [main] org.apache.coyote.AbstractProtocol.pause Pausing ProtocolHandler ["http-nio-8080"]
09-Aug-2022 20:29:35.466 INFO [main] org.apache.catalina.core.StandardService.stopInternal Stopping service [Catalina]
09-Aug-2022 20:29:35.469 WARNING [main] org.apache.catalina.loader.WebappClassLoaderBase.clearReferencesJdbc The web application [ATKD_Project#homepage] registered the JDBC driver [com.microsoft.sqlserver.jdbc.SQLServerDriver] but failed to unregister it when the web application was stopped. To prevent a memory leak, the JDBC Driver has been forcibly unregistered.
09-Aug-2022 20:29:35.470 SEVERE [main] org.apache.catalina.loader.WebappClassLoaderBase.checkThreadLocalMapForLeaks The web application [ATKD_Project#homepage] created a ThreadLocal with key of type [com.microsoft.sqlserver.jdbc.ActivityCorrelator$1] (value [com.microsoft.sqlserver.jdbc.ActivityCorrelator$1@3e05586b]) and a value of type [com.microsoft.sqlserver.jdbc.ActivityId] (value [be1695f3-bd1e-41f7-af8c-32f817c5b89e-207]) but failed to remove it when the web application was stopped. Threads are going to be renewed over time to try and avoid a probable memory leak.
09-Aug-2022 20:29:35.470 SEVERE [main] org.apache.catalina.loader.WebappClassLoaderBase.checkThreadLocalMapForLeaks The web application [ATKD_Project#homepage] created a ThreadLocal with key of type [com.microsoft.sqlserver.jdbc.ActivityCorrelator$1] (value [com.microsoft.sqlserver.jdbc.ActivityCorrelator$1@3e05586b]) and a value of type [com.microsoft.sqlserver.jdbc.ActivityId] (value [78738150-afa7-4602-b54b-dda6dd86dbc9-263]) but failed to remove it when the web application was stopped. Threads are going to be renewed over time to try and avoid a probable memory leak.
09-Aug-2022 20:29:35.470 SEVERE [main] org.apache.catalina.loader.WebappClassLoaderBase.checkThreadLocalMapForLeaks The web application [ATKD_Project#homepage] created a ThreadLocal with key of type [com.microsoft.sqlserver.jdbc.ActivityCorrelator$1] (value [com.microsoft.sqlserver.jdbc.ActivityCorrelator$1@3e05586b]) and a value of type [com.microsoft.sqlserver.jdbc.ActivityId] (value [04e19814-2dd0-4d88-8654-0464fe0c02b5-453]) but failed to remove it when the web application was stopped. Threads are going to be renewed over time to try and avoid a probable memory leak.
09-Aug-2022 20:29:35.470 SEVERE [main] org.apache.catalina.loader.WebappClassLoaderBase.checkThreadLocalMapForLeaks The web application [ATKD_Project#homepage] created a ThreadLocal with key of type [com.microsoft.sqlserver.jdbc.ActivityCorrelator$1] (value [com.microsoft.sqlserver.jdbc.ActivityCorrelator$1@3e05586b]) and a value of type [com.microsoft.sqlserver.jdbc.ActivityId] (value [8f33db07-c70a-43a0-bfc7-7b367b8f2fb7-74]) but failed to remove it when the web application was stopped. Threads are going to be renewed over time to try and avoid a probable memory leak.
09-Aug-2022 20:29:35.480 INFO [main] org.apache.coyote.AbstractProtocol.stop Stopping ProtocolHandler ["http-nio-8080"]
09-Aug-2022 20:29:35.498 INFO [main] org.apache.coyote.AbstractProtocol.destroy Destroying ProtocolHandler ["http-nio-8080"]
09-Aug-2022 20:36:08.691 INFO [main] org.apache.catalina.startup.VersionLoggerListener.log Server version name:   Apache Tomcat/10.0.21
09-Aug-2022 20:36:08.693 INFO [main] org.apache.catalina.startup.VersionLoggerListener.log Server built:          May 10 2022 21:53:12 UTC
09-Aug-2022 20:36:08.693 INFO [main] org.apache.catalina.startup.VersionLoggerListener.log Server version number: 10.0.21.0
09-Aug-2022 20:36:08.693 INFO [main] org.apache.catalina.startup.VersionLoggerListener.log OS Name:               Windows 10
09-Aug-2022 20:36:08.693 INFO [main] org.apache.catalina.startup.VersionLoggerListener.log OS Version:            10.0
09-Aug-2022 20:36:08.693 INFO [main] org.apache.catalina.startup.VersionLoggerListener.log Architecture:          amd64
09-Aug-2022 20:36:08.694 INFO [main] org.apache.catalina.startup.VersionLoggerListener.log Java Home:             C:\Program Files\Java\jdk1.8.0_321\jre
09-Aug-2022 20:36:08.694 INFO [main] org.apache.catalina.startup.VersionLoggerListener.log JVM Version:           1.8.0_321-b07
09-Aug-2022 20:36:08.694 INFO [main] org.apache.catalina.startup.VersionLoggerListener.log JVM Vendor:            Oracle Corporation
09-Aug-2022 20:36:08.694 INFO [main] org.apache.catalina.startup.VersionLoggerListener.log CATALINA_BASE:         C:\Users\win\Desktop\Tool\apache-tomcat-10.0.21
09-Aug-2022 20:36:08.694 INFO [main] org.apache.catalina.startup.VersionLoggerListener.log CATALINA_HOME:         C:\Users\win\Desktop\Tool\apache-tomcat-10.0.21
09-Aug-2022 20:36:08.695 INFO [main] org.apache.catalina.startup.VersionLoggerListener.log Command line argument: -Djava.util.logging.config.file=C:\Users\win\Desktop\Tool\apache-tomcat-10.0.21\conf\logging.properties
09-Aug-2022 20:36:08.695 INFO [main] org.apache.catalina.startup.VersionLoggerListener.log Command line argument: -Djava.util.logging.manager=org.apache.juli.ClassLoaderLogManager
09-Aug-2022 20:36:08.695 INFO [main] org.apache.catalina.startup.VersionLoggerListener.log Command line argument: -Dhttp.nonProxyHosts=localhost|127.0.0.1|DESKTOP-AN6C4VB
09-Aug-2022 20:36:08.695 INFO [main] org.apache.catalina.startup.VersionLoggerListener.log Command line argument: -Djdk.tls.ephemeralDHKeySize=2048
09-Aug-2022 20:36:08.695 INFO [main] org.apache.catalina.startup.VersionLoggerListener.log Command line argument: -Djava.protocol.handler.pkgs=org.apache.catalina.webresources
09-Aug-2022 20:36:08.695 INFO [main] org.apache.catalina.startup.VersionLoggerListener.log Command line argument: -Dignore.endorsed.dirs=
09-Aug-2022 20:36:08.695 INFO [main] org.apache.catalina.startup.VersionLoggerListener.log Command line argument: -Dcatalina.base=C:\Users\win\Desktop\Tool\apache-tomcat-10.0.21
09-Aug-2022 20:36:08.695 INFO [main] org.apache.catalina.startup.VersionLoggerListener.log Command line argument: -Dcatalina.home=C:\Users\win\Desktop\Tool\apache-tomcat-10.0.21
09-Aug-2022 20:36:08.695 INFO [main] org.apache.catalina.startup.VersionLoggerListener.log Command line argument: -Djava.io.tmpdir=C:\Users\win\Desktop\Tool\apache-tomcat-10.0.21\temp
09-Aug-2022 20:36:08.702 INFO [main] org.apache.catalina.core.AprLifecycleListener.lifecycleEvent Loaded Apache Tomcat Native library [1.2.33] using APR version [1.7.0].
09-Aug-2022 20:36:08.702 INFO [main] org.apache.catalina.core.AprLifecycleListener.lifecycleEvent APR capabilities: IPv6 [true], sendfile [true], accept filters [false], random [true], UDS [true].
09-Aug-2022 20:36:08.706 INFO [main] org.apache.catalina.core.AprLifecycleListener.initializeSSL OpenSSL successfully initialized [OpenSSL 1.1.1o  3 May 2022]
09-Aug-2022 20:36:08.993 INFO [main] org.apache.coyote.AbstractProtocol.init Initializing ProtocolHandler ["http-nio-8080"]
09-Aug-2022 20:36:09.012 INFO [main] org.apache.catalina.startup.Catalina.load Server initialization in [490] milliseconds
09-Aug-2022 20:36:09.045 INFO [main] org.apache.catalina.core.StandardService.startInternal Starting service [Catalina]
09-Aug-2022 20:36:09.045 INFO [main] org.apache.catalina.core.StandardEngine.startInternal Starting Servlet engine: [Apache Tomcat/10.0.21]
09-Aug-2022 20:36:09.053 INFO [main] org.apache.catalina.startup.HostConfig.deployDescriptor Deploying deployment descriptor [C:\Users\win\Desktop\Tool\apache-tomcat-10.0.21\conf\Catalina\localhost\ATKD_Project#homepage.xml]
09-Aug-2022 20:36:09.066 WARNING [main] org.apache.catalina.startup.HostConfig.deployDescriptor The path attribute with value [/ATKD_Project/homepage] in deployment descriptor [C:\Users\win\Desktop\Tool\apache-tomcat-10.0.21\conf\Catalina\localhost\ATKD_Project#homepage.xml] has been ignored
09-Aug-2022 20:36:09.842 INFO [main] org.apache.jasper.servlet.TldScanner.scanJars At least one JAR was scanned for TLDs yet contained no TLDs. Enable debug logging for this logger for a complete list of JARs that were scanned but no TLDs were found in them. Skipping unneeded JARs during scanning can improve startup time and JSP compilation time.
09-Aug-2022 20:36:09.991 WARNING [main] org.apache.catalina.util.SessionIdGeneratorBase.createSecureRandom Creation of SecureRandom instance for session ID generation using [SHA1PRNG] took [119] milliseconds.
09-Aug-2022 20:36:10.003 INFO [main] org.apache.catalina.startup.HostConfig.deployDescriptor Deployment of deployment descriptor [C:\Users\win\Desktop\Tool\apache-tomcat-10.0.21\conf\Catalina\localhost\ATKD_Project#homepage.xml] has finished in [950] ms
09-Aug-2022 20:36:10.003 INFO [main] org.apache.catalina.startup.HostConfig.deployDescriptor Deploying deployment descriptor [C:\Users\win\Desktop\Tool\apache-tomcat-10.0.21\conf\Catalina\localhost\WebApplication1.xml]
09-Aug-2022 20:36:10.004 WARNING [main] org.apache.catalina.startup.HostConfig.deployDescriptor The path attribute with value [/WebApplication1] in deployment descriptor [C:\Users\win\Desktop\Tool\apache-tomcat-10.0.21\conf\Catalina\localhost\WebApplication1.xml] has been ignored
09-Aug-2022 20:36:10.028 INFO [main] org.apache.catalina.startup.HostConfig.deployDescriptor Deployment of deployment descriptor [C:\Users\win\Desktop\Tool\apache-tomcat-10.0.21\conf\Catalina\localhost\WebApplication1.xml] has finished in [24] ms
09-Aug-2022 20:36:10.028 INFO [main] org.apache.catalina.startup.HostConfig.deployDirectory Deploying web application directory [C:\Users\win\Desktop\Tool\apache-tomcat-10.0.21\webapps\docs]
09-Aug-2022 20:36:10.048 INFO [main] org.apache.catalina.startup.HostConfig.deployDirectory Deployment of web application directory [C:\Users\win\Desktop\Tool\apache-tomcat-10.0.21\webapps\docs] has finished in [20] ms
09-Aug-2022 20:36:10.048 INFO [main] org.apache.catalina.startup.HostConfig.deployDirectory Deploying web application directory [C:\Users\win\Desktop\Tool\apache-tomcat-10.0.21\webapps\examples]
09-Aug-2022 20:36:10.329 INFO [main] org.apache.catalina.startup.HostConfig.deployDirectory Deployment of web application directory [C:\Users\win\Desktop\Tool\apache-tomcat-10.0.21\webapps\examples] has finished in [281] ms
09-Aug-2022 20:36:10.329 INFO [main] org.apache.catalina.startup.HostConfig.deployDirectory Deploying web application directory [C:\Users\win\Desktop\Tool\apache-tomcat-10.0.21\webapps\host-manager]
09-Aug-2022 20:36:10.360 INFO [main] org.apache.catalina.startup.HostConfig.deployDirectory Deployment of web application directory [C:\Users\win\Desktop\Tool\apache-tomcat-10.0.21\webapps\host-manager] has finished in [31] ms
09-Aug-2022 20:36:10.360 INFO [main] org.apache.catalina.startup.HostConfig.deployDirectory Deploying web application directory [C:\Users\win\Desktop\Tool\apache-tomcat-10.0.21\webapps\manager]
09-Aug-2022 20:36:10.384 INFO [main] org.apache.catalina.startup.HostConfig.deployDirectory Deployment of web application directory [C:\Users\win\Desktop\Tool\apache-tomcat-10.0.21\webapps\manager] has finished in [23] ms
09-Aug-2022 20:36:10.384 INFO [main] org.apache.catalina.startup.HostConfig.deployDirectory Deploying web application directory [C:\Users\win\Desktop\Tool\apache-tomcat-10.0.21\webapps\ROOT]
09-Aug-2022 20:36:10.403 INFO [main] org.apache.catalina.startup.HostConfig.deployDirectory Deployment of web application directory [C:\Users\win\Desktop\Tool\apache-tomcat-10.0.21\webapps\ROOT] has finished in [19] ms
09-Aug-2022 20:36:10.407 INFO [main] org.apache.coyote.AbstractProtocol.start Starting ProtocolHandler ["http-nio-8080"]
09-Aug-2022 20:36:10.427 INFO [main] org.apache.catalina.startup.Catalina.start Server startup in [1413] milliseconds
09-Aug-2022 20:41:08.643 INFO [main] org.apache.catalina.core.StandardServer.await A valid shutdown command was received via the shutdown port. Stopping the Server instance.
09-Aug-2022 20:41:08.643 INFO [main] org.apache.coyote.AbstractProtocol.pause Pausing ProtocolHandler ["http-nio-8080"]
09-Aug-2022 20:41:08.749 INFO [main] org.apache.catalina.core.StandardService.stopInternal Stopping service [Catalina]
09-Aug-2022 20:41:08.754 WARNING [main] org.apache.catalina.loader.WebappClassLoaderBase.clearReferencesJdbc The web application [ATKD_Project#homepage] registered the JDBC driver [com.microsoft.sqlserver.jdbc.SQLServerDriver] but failed to unregister it when the web application was stopped. To prevent a memory leak, the JDBC Driver has been forcibly unregistered.
09-Aug-2022 20:41:08.755 SEVERE [main] org.apache.catalina.loader.WebappClassLoaderBase.checkThreadLocalMapForLeaks The web application [ATKD_Project#homepage] created a ThreadLocal with key of type [com.microsoft.sqlserver.jdbc.ActivityCorrelator$1] (value [com.microsoft.sqlserver.jdbc.ActivityCorrelator$1@12db3386]) and a value of type [com.microsoft.sqlserver.jdbc.ActivityId] (value [736f9245-1c14-439e-9429-113ab6390404-125]) but failed to remove it when the web application was stopped. Threads are going to be renewed over time to try and avoid a probable memory leak.
09-Aug-2022 20:41:08.755 SEVERE [main] org.apache.catalina.loader.WebappClassLoaderBase.checkThreadLocalMapForLeaks The web application [ATKD_Project#homepage] created a ThreadLocal with key of type [com.microsoft.sqlserver.jdbc.ActivityCorrelator$1] (value [com.microsoft.sqlserver.jdbc.ActivityCorrelator$1@12db3386]) and a value of type [com.microsoft.sqlserver.jdbc.ActivityId] (value [9af127d0-58be-4635-b93b-13c30775a40c-65]) but failed to remove it when the web application was stopped. Threads are going to be renewed over time to try and avoid a probable memory leak.
09-Aug-2022 20:41:08.755 SEVERE [main] org.apache.catalina.loader.WebappClassLoaderBase.checkThreadLocalMapForLeaks The web application [ATKD_Project#homepage] created a ThreadLocal with key of type [com.microsoft.sqlserver.jdbc.ActivityCorrelator$1] (value [com.microsoft.sqlserver.jdbc.ActivityCorrelator$1@12db3386]) and a value of type [com.microsoft.sqlserver.jdbc.ActivityId] (value [9fce59bd-77f0-4777-91e9-657c417871d3-80]) but failed to remove it when the web application was stopped. Threads are going to be renewed over time to try and avoid a probable memory leak.
09-Aug-2022 20:41:08.755 SEVERE [main] org.apache.catalina.loader.WebappClassLoaderBase.checkThreadLocalMapForLeaks The web application [ATKD_Project#homepage] created a ThreadLocal with key of type [com.microsoft.sqlserver.jdbc.ActivityCorrelator$1] (value [com.microsoft.sqlserver.jdbc.ActivityCorrelator$1@12db3386]) and a value of type [com.microsoft.sqlserver.jdbc.ActivityId] (value [02ffcd91-24c5-4e8b-80d3-a67ccc4a6c4a-1]) but failed to remove it when the web application was stopped. Threads are going to be renewed over time to try and avoid a probable memory leak.
09-Aug-2022 20:41:08.756 SEVERE [main] org.apache.catalina.loader.WebappClassLoaderBase.checkThreadLocalMapForLeaks The web application [ATKD_Project#homepage] created a ThreadLocal with key of type [com.microsoft.sqlserver.jdbc.ActivityCorrelator$1] (value [com.microsoft.sqlserver.jdbc.ActivityCorrelator$1@12db3386]) and a value of type [com.microsoft.sqlserver.jdbc.ActivityId] (value [1a33efa4-2d1b-4d27-8174-a8a9796e902f-1]) but failed to remove it when the web application was stopped. Threads are going to be renewed over time to try and avoid a probable memory leak.
09-Aug-2022 20:41:08.756 SEVERE [main] org.apache.catalina.loader.WebappClassLoaderBase.checkThreadLocalMapForLeaks The web application [ATKD_Project#homepage] created a ThreadLocal with key of type [com.microsoft.sqlserver.jdbc.ActivityCorrelator$1] (value [com.microsoft.sqlserver.jdbc.ActivityCorrelator$1@12db3386]) and a value of type [com.microsoft.sqlserver.jdbc.ActivityId] (value [57463a6b-bd7b-4c0b-b773-5a39a13f06c3-60]) but failed to remove it when the web application was stopped. Threads are going to be renewed over time to try and avoid a probable memory leak.
09-Aug-2022 20:41:08.791 SEVERE [main] org.apache.catalina.loader.WebappClassLoaderBase.checkThreadLocalMapForLeaks The web application [ATKD_Project#homepage] created a ThreadLocal with key of type [com.microsoft.sqlserver.jdbc.ActivityCorrelator$1] (value [com.microsoft.sqlserver.jdbc.ActivityCorrelator$1@12db3386]) and a value of type [com.microsoft.sqlserver.jdbc.ActivityId] (value [28d398d1-4477-4265-9850-c2cc4b901e0c-60]) but failed to remove it when the web application was stopped. Threads are going to be renewed over time to try and avoid a probable memory leak.
09-Aug-2022 20:41:08.791 SEVERE [main] org.apache.catalina.loader.WebappClassLoaderBase.checkThreadLocalMapForLeaks The web application [ATKD_Project#homepage] created a ThreadLocal with key of type [com.microsoft.sqlserver.jdbc.ActivityCorrelator$1] (value [com.microsoft.sqlserver.jdbc.ActivityCorrelator$1@12db3386]) and a value of type [com.microsoft.sqlserver.jdbc.ActivityId] (value [eedbeead-ee3a-461d-b3a5-4858ffedb4b0-67]) but failed to remove it when the web application was stopped. Threads are going to be renewed over time to try and avoid a probable memory leak.
09-Aug-2022 20:41:08.791 SEVERE [main] org.apache.catalina.loader.WebappClassLoaderBase.checkThreadLocalMapForLeaks The web application [ATKD_Project#homepage] created a ThreadLocal with key of type [com.microsoft.sqlserver.jdbc.ActivityCorrelator$1] (value [com.microsoft.sqlserver.jdbc.ActivityCorrelator$1@12db3386]) and a value of type [com.microsoft.sqlserver.jdbc.ActivityId] (value [6c93260a-b804-4227-bffb-29240acd0443-87]) but failed to remove it when the web application was stopped. Threads are going to be renewed over time to try and avoid a probable memory leak.
09-Aug-2022 20:41:08.805 INFO [main] org.apache.coyote.AbstractProtocol.stop Stopping ProtocolHandler ["http-nio-8080"]
09-Aug-2022 20:41:08.809 INFO [main] org.apache.coyote.AbstractProtocol.destroy Destroying ProtocolHandler ["http-nio-8080"]
